your url is: https://stupid-baboons-kick.loca.lt
Thu Jul 02 2026 10:17:24 GMT+0530 (India Standard Time) GET /
Thu Jul 02 2026 10:17:48 GMT+0530 (India Standard Time) GET /
Thu Jul 02 2026 10:17:52 GMT+0530 (India Standard Time) GET /icon.png?icon.14ph91zn61q6n.png
Thu Jul 02 2026 10:18:11 GMT+0530 (India Standard Time) GET /
Thu Jul 02 2026 10:18:12 GMT+0530 (India Standard Time) GET /_next/static/media/a343f882a40d2cc9-s.p.1sj6eobyi31rd.woff2
Thu Jul 02 2026 10:18:12 GMT+0530 (India Standard Time) GET /_next/static/media/01e4147cff8141ee-s.p.3huc2loe0ie8a.woff2
Thu Jul 02 2026 10:18:12 GMT+0530 (India Standard Time) GET /_next/image?url=%2Fassets%2Fresin-tray.png&w=750&q=75
Thu Jul 02 2026 10:18:13 GMT+0530 (India Standard Time) GET /_next/image?url=%2Fassets%2Fresin-idol.png&w=640&q=75
Thu Jul 02 2026 10:18:13 GMT+0530 (India Standard Time) GET /_next/image?url=%2Fassets%2Fbrand%2Fpour-n-art-resin-art-logo.jpg&w=256&q=75
Thu Jul 02 2026 10:18:14 GMT+0530 (India Standard Time) GET /_next/static/chunks/%5Bturbopack%5D_browser_dev_hmr-client_hmr-client_ts_1xx01vv._.js
Thu Jul 02 2026 10:18:14 GMT+0530 (India Standard Time) GET /_next/static/media/797e433ab948586e-s.p.0r6juujl39pe6.woff2
Thu Jul 02 2026 10:18:14 GMT+0530 (India Standard Time) GET /_next/static/chunks/node_modules_next_dist_compiled_react-server-dom-turbopack_164kp-6._.js
Thu Jul 02 2026 10:18:15 GMT+0530 (India Standard Time) GET /_next/static/chunks/node_modules_next_dist_compiled_1amofcm._.js
Thu Jul 02 2026 10:18:15 GMT+0530 (India Standard Time) GET /_next/static/chunks/%5Broot-of-the-server%5D__14u2455._.css
Thu Jul 02 2026 10:18:16 GMT+0530 (India Standard Time) GET /_next/static/chunks/node_modules_next_dist_1ybzpk2._.js
Thu Jul 02 2026 10:18:16 GMT+0530 (India Standard Time) GET /_next/static/chunks/node_modules_%40swc_helpers_cjs_1r9vbqw._.js
Thu Jul 02 2026 10:18:17 GMT+0530 (India Standard Time) GET /_next/image?url=%2Fassets%2Fresin-coasters-blue.png&w=640&q=75
Thu Jul 02 2026 10:18:17 GMT+0530 (India Standard Time) GET /assets/resin-hero.png
Thu Jul 02 2026 10:18:19 GMT+0530 (India Standard Time) GET /_next/image?url=%2Fassets%2Foccasions%2Fanniversary-gifts.png&w=1080&q=75
Thu Jul 02 2026 10:18:20 GMT+0530 (India Standard Time) GET /_next/image?url=%2Fassets%2Foccasions%2Fbirthday-gifts.png&w=1080&q=75
Thu Jul 02 2026 10:18:21 GMT+0530 (India Standard Time) GET /_next/image?url=%2Fassets%2Foccasions%2Fwedding-gifts.png&w=1080&q=75
Thu Jul 02 2026 10:18:21 GMT+0530 (India Standard Time) GET /_next/image?url=%2Fassets%2Foccasions%2Fbirthday-gifts.png&w=256&q=75
Thu Jul 02 2026 10:18:22 GMT+0530 (India Standard Time) GET /_next/image?url=%2Fassets%2Fresin-coasters.png&w=256&q=75
Thu Jul 02 2026 10:18:22 GMT+0530 (India Standard Time) GET /_next/static/chunks/node_modules_next_dist_compiled_next-devtools_index_090k2jm.js
Thu Jul 02 2026 10:18:23 GMT+0530 (India Standard Time) GET /_next/image?url=%2Fassets%2Fresin-coasters-blue.png&w=256&q=75
Thu Jul 02 2026 10:18:23 GMT+0530 (India Standard Time) GET /_next/image?url=%2Fassets%2Fresin-tray.png&w=256&q=75
Thu Jul 02 2026 10:18:24 GMT+0530 (India Standard Time) GET /_next/static/chunks/_1anvha4._.js
Thu Jul 02 2026 10:18:24 GMT+0530 (India Standard Time) GET /_next/static/chunks/node_modules_next_dist_client_0r5nbpw._.js
Thu Jul 02 2026 10:18:25 GMT+0530 (India Standard Time) GET /_next/static/chunks/src_components_1r2kk-h._.js
Thu Jul 02 2026 10:18:26 GMT+0530 (India Standard Time) GET /_next/static/chunks/src_app_layout_tsx_007e4b2._.js
Thu Jul 02 2026 10:18:26 GMT+0530 (India Standard Time) GET /_next/static/chunks/node_modules_next_dist_client_components_builtin_global-error_1ltcx3c.js
Thu Jul 02 2026 10:18:27 GMT+0530 (India Standard Time) GET /_next/image?url=%2Fassets%2Foccasions%2Fhousewarming-gifts.png&w=1080&q=75
Thu Jul 02 2026 10:18:28 GMT+0530 (India Standard Time) GET /_next/image?url=%2Fassets%2Foccasions%2Fpersonal-keepsakes.png&w=256&q=75
Thu Jul 02 2026 10:18:28 GMT+0530 (India Standard Time) GET /_next/image?url=%2Fassets%2Fresin-coasters-blue.png&w=1920&q=75
Thu Jul 02 2026 10:18:29 GMT+0530 (India Standard Time) GET /_next/static/chunks/turbopack-_01_ro95._.js
Thu Jul 02 2026 10:18:30 GMT+0530 (India Standard Time) GET /_next/image?url=%2Fassets%2Fresin-idol.png&w=1920&q=75
Thu Jul 02 2026 10:18:31 GMT+0530 (India Standard Time) GET /_next/static/chunks/node_modules_0b36aie._.js
Thu Jul 02 2026 10:18:32 GMT+0530 (India Standard Time) GET /_next/image?url=%2Fassets%2Fresin-nameplate.png&w=1080&q=75
Thu Jul 02 2026 10:18:33 GMT+0530 (India Standard Time) GET /_next/image?url=%2Fassets%2Foccasions%2Fpersonal-keepsakes.png&w=1080&q=75
Thu Jul 02 2026 10:18:34 GMT+0530 (India Standard Time) GET /icon.png?icon.14ph91zn61q6n.png
Thu Jul 02 2026 10:18:36 GMT+0530 (India Standard Time) GET /_next/image?url=%2Fassets%2Fresin-tray.png&w=1080&q=75
Thu Jul 02 2026 10:18:36 GMT+0530 (India Standard Time) GET /_next/image?url=%2Fassets%2Fresin-tray.png&w=1920&q=75
Thu Jul 02 2026 10:18:37 GMT+0530 (India Standard Time) GET /_next/image?url=%2Fassets%2Fresin-coasters-blue.png&w=1080&q=75
Thu Jul 02 2026 10:18:37 GMT+0530 (India Standard Time) GET /
Thu Jul 02 2026 10:18:39 GMT+0530 (India Standard Time) GET /_next/static/media/01e4147cff8141ee-s.p.3huc2loe0ie8a.woff2
Thu Jul 02 2026 10:18:39 GMT+0530 (India Standard Time) GET /_next/image?url=%2Fassets%2Fresin-coasters-blue.png&w=640&q=75
Thu Jul 02 2026 10:18:39 GMT+0530 (India Standard Time) GET /_next/image?url=%2Fassets%2Fresin-tray.png&w=750&q=75
Thu Jul 02 2026 10:18:40 GMT+0530 (India Standard Time) GET /_next/image?url=%2Fassets%2Fresin-idol.png&w=640&q=75
Thu Jul 02 2026 10:18:40 GMT+0530 (India Standard Time) GET /_next/image?url=%2Fassets%2Fbrand%2Fpour-n-art-resin-art-logo.jpg&w=256&q=75
Thu Jul 02 2026 10:18:41 GMT+0530 (India Standard Time) GET /_next/static/chunks/%5Bturbopack%5D_browser_dev_hmr-client_hmr-client_ts_1xx01vv._.js
Thu Jul 02 2026 10:18:41 GMT+0530 (India Standard Time) GET /_next/image?url=%2Fassets%2Fresin-coasters.png&w=1080&q=75
Thu Jul 02 2026 10:18:41 GMT+0530 (India Standard Time) GET /_next/static/chunks/node_modules_next_dist_compiled_react-server-dom-turbopack_164kp-6._.js
Thu Jul 02 2026 10:18:42 GMT+0530 (India Standard Time) GET /_next/static/chunks/node_modules_next_dist_compiled_1amofcm._.js
Thu Jul 02 2026 10:18:44 GMT+0530 (India Standard Time) GET /_next/static/chunks/node_modules_next_dist_client_0r5nbpw._.js
Thu Jul 02 2026 10:18:46 GMT+0530 (India Standard Time) GET /_next/static/chunks/node_modules_next_dist_1ybzpk2._.js
Thu Jul 02 2026 10:18:47 GMT+0530 (India Standard Time) GET /_next/image?url=%2Fassets%2Fresin-hero.png&w=1080&q=75
Thu Jul 02 2026 10:18:48 GMT+0530 (India Standard Time) GET /_next/static/chunks/node_modules_%40swc_helpers_cjs_1r9vbqw._.js
Thu Jul 02 2026 10:18:49 GMT+0530 (India Standard Time) GET /_next/static/chunks/_1anvha4._.js
Thu Jul 02 2026 10:18:49 GMT+0530 (India Standard Time) GET /_next/static/media/797e433ab948586e-s.p.0r6juujl39pe6.woff2
Thu Jul 02 2026 10:18:49 GMT+0530 (India Standard Time) GET /_next/static/chunks/turbopack-_01_ro95._.js
Thu Jul 02 2026 10:18:50 GMT+0530 (India Standard Time) GET /assets/resin-hero.png
Thu Jul 02 2026 10:18:50 GMT+0530 (India Standard Time) GET /_next/static/chunks/node_modules_next_dist_compiled_react-dom_096_9a-._.js
Thu Jul 02 2026 10:18:53 GMT+0530 (India Standard Time) GET /_next/image?url=%2Fassets%2Foccasions%2Fbirthday-gifts.png&w=256&q=75
Thu Jul 02 2026 10:18:54 GMT+0530 (India Standard Time) GET /_next/image?url=%2Fassets%2Foccasions%2Fpersonal-keepsakes.png&w=256&q=75
Thu Jul 02 2026 10:18:54 GMT+0530 (India Standard Time) GET /_next/image?url=%2Fassets%2Fresin-coasters.png&w=256&q=75
Thu Jul 02 2026 10:18:55 GMT+0530 (India Standard Time) GET /_next/image?url=%2Fassets%2Fresin-tray.png&w=256&q=75
Thu Jul 02 2026 10:18:55 GMT+0530 (India Standard Time) GET /_next/image?url=%2Fassets%2Fresin-coasters-blue.png&w=256&q=75
Thu Jul 02 2026 10:18:56 GMT+0530 (India Standard Time) GET /_next/image?url=%2Fassets%2Foccasions%2Fbirthday-gifts.png&w=1080&q=75
Thu Jul 02 2026 10:18:58 GMT+0530 (India Standard Time) GET /_next/image?url=%2Fassets%2Foccasions%2Fanniversary-gifts.png&w=1080&q=75
Thu Jul 02 2026 10:18:58 GMT+0530 (India Standard Time) GET /_next/static/chunks/node_modules_0b36aie._.js
Thu Jul 02 2026 10:18:59 GMT+0530 (India Standard Time) GET /_next/image?url=%2Fassets%2Foccasions%2Fhousewarming-gifts.png&w=1080&q=75
Thu Jul 02 2026 10:19:01 GMT+0530 (India Standard Time) GET /_next/static/chunks/node_modules_next_dist_client_components_builtin_global-error_1ltcx3c.js
Thu Jul 02 2026 10:19:01 GMT+0530 (India Standard Time) GET /icon.png?icon.14ph91zn61q6n.png
Thu Jul 02 2026 10:19:02 GMT+0530 (India Standard Time) GET /_next/image?url=%2Fassets%2Foccasions%2Fwedding-gifts.png&w=1080&q=75
Thu Jul 02 2026 10:19:07 GMT+0530 (India Standard Time) GET /
Thu Jul 02 2026 10:19:08 GMT+0530 (India Standard Time) GET /_next/static/media/a343f882a40d2cc9-s.p.1sj6eobyi31rd.woff2
Thu Jul 02 2026 10:19:08 GMT+0530 (India Standard Time) GET /_next/static/chunks/%5Broot-of-the-server%5D__14u2455._.css
Thu Jul 02 2026 10:19:09 GMT+0530 (India Standard Time) GET /_next/image?url=%2Fassets%2Fresin-coasters-blue.png&w=640&q=75
Thu Jul 02 2026 10:19:09 GMT+0530 (India Standard Time) GET /_next/static/chunks/node_modules_next_dist_compiled_next-devtools_index_090k2jm.js
Thu Jul 02 2026 10:19:10 GMT+0530 (India Standard Time) GET /_next/image?url=%2Fassets%2Fresin-tray.png&w=750&q=75
Thu Jul 02 2026 10:19:10 GMT+0530 (India Standard Time) GET /_next/static/media/a343f882a40d2cc9-s.p.1sj6eobyi31rd.woff2
Thu Jul 02 2026 10:19:11 GMT+0530 (India Standard Time) GET /_next/static/media/6ab0db14f70d8ed6-s.13hnt-xgp82zk.woff2
Thu Jul 02 2026 10:19:12 GMT+0530 (India Standard Time) GET /_next/image?url=%2Fassets%2Foccasions%2Fbirthday-gifts.png&w=1080&q=75
Thu Jul 02 2026 10:19:12 GMT+0530 (India Standard Time) GET /_next/image?url=%2Fassets%2Fresin-idol.png&w=640&q=75
Thu Jul 02 2026 10:19:12 GMT+0530 (India Standard Time) GET /_next/image?url=%2Fassets%2Foccasions%2Fwedding-gifts.png&w=1080&q=75
Thu Jul 02 2026 10:19:12 GMT+0530 (India Standard Time) GET /_next/image?url=%2Fassets%2Fbrand%2Fpour-n-art-resin-art-logo.jpg&w=256&q=75
Thu Jul 02 2026 10:19:13 GMT+0530 (India Standard Time) GET /_next/image?url=%2Fassets%2Fresin-coasters.png&w=256&q=75
Thu Jul 02 2026 10:19:13 GMT+0530 (India Standard Time) GET /_next/image?url=%2Fassets%2Foccasions%2Fpersonal-keepsakes.png&w=256&q=75
Thu Jul 02 2026 10:19:14 GMT+0530 (India Standard Time) GET /_next/static/chunks/%5Bturbopack%5D_browser_dev_hmr-client_hmr-client_ts_1xx01vv._.js
Thu Jul 02 2026 10:19:14 GMT+0530 (India Standard Time) GET /_next/image?url=%2Fassets%2Foccasions%2Fanniversary-gifts.png&w=1080&q=75
Thu Jul 02 2026 10:19:15 GMT+0530 (India Standard Time) GET /_next/image?url=%2Fassets%2Foccasions%2Fbirthday-gifts.png&w=256&q=75
Thu Jul 02 2026 10:19:15 GMT+0530 (India Standard Time) GET /_next/static/chunks/node_modules_next_dist_compiled_react-dom_096_9a-._.js
Thu Jul 02 2026 10:19:15 GMT+0530 (India Standard Time) GET /_next/image?url=%2Fassets%2Fresin-coasters-blue.png&w=1920&q=75
Thu Jul 02 2026 10:19:16 GMT+0530 (India Standard Time) GET /assets/resin-hero.png
Thu Jul 02 2026 10:19:16 GMT+0530 (India Standard Time) GET /_next/static/chunks/node_modules_next_dist_compiled_1amofcm._.js
Thu Jul 02 2026 10:19:17 GMT+0530 (India Standard Time) GET /_next/static/chunks/node_modules_next_dist_client_0r5nbpw._.js
Thu Jul 02 2026 10:19:17 GMT+0530 (India Standard Time) GET /_next/image?url=%2Fassets%2Fresin-tray.png&w=256&q=75
Thu Jul 02 2026 10:19:18 GMT+0530 (India Standard Time) GET /_next/static/chunks/node_modules_%40swc_helpers_cjs_1r9vbqw._.js
Thu Jul 02 2026 10:19:18 GMT+0530 (India Standard Time) GET /_next/static/chunks/_1anvha4._.js
Thu Jul 02 2026 10:19:19 GMT+0530 (India Standard Time) GET /_next/static/chunks/node_modules_0b36aie._.js
Thu Jul 02 2026 10:19:19 GMT+0530 (India Standard Time) GET /_next/image?url=%2Fassets%2Fresin-coasters-blue.png&w=256&q=75
Thu Jul 02 2026 10:19:19 GMT+0530 (India Standard Time) GET /_next/static/chunks/src_components_1r2kk-h._.js
Thu Jul 02 2026 10:19:20 GMT+0530 (India Standard Time) GET /_next/image?url=%2Fassets%2Fresin-tray.png&w=1920&q=75
Thu Jul 02 2026 10:19:20 GMT+0530 (India Standard Time) GET /_next/static/chunks/node_modules_next_dist_client_components_builtin_global-error_1ltcx3c.js
Thu Jul 02 2026 10:19:21 GMT+0530 (India Standard Time) GET /_next/image?url=%2Fassets%2Foccasions%2Fhousewarming-gifts.png&w=1080&q=75
Thu Jul 02 2026 10:19:22 GMT+0530 (India Standard Time) GET /_next/image?url=%2Fassets%2Foccasions%2Fpersonal-keepsakes.png&w=1080&q=75
Thu Jul 02 2026 10:19:23 GMT+0530 (India Standard Time) GET /_next/image?url=%2Fassets%2Fresin-hero.png&w=1920&q=75
Thu Jul 02 2026 10:19:25 GMT+0530 (India Standard Time) GET /_next/image?url=%2Fassets%2Fresin-idol.png&w=1920&q=75
Thu Jul 02 2026 10:19:25 GMT+0530 (India Standard Time) GET /_next/static/chunks/node_modules_next_dist_compiled_react-server-dom-turbopack_164kp-6._.js
Thu Jul 02 2026 10:19:26 GMT+0530 (India Standard Time) GET /_next/image?url=%2Fassets%2Fresin-nameplate.png&w=1080&q=75
Thu Jul 02 2026 10:19:26 GMT+0530 (India Standard Time) GET /_next/static/chunks/node_modules_next_dist_1ybzpk2._.js
Thu Jul 02 2026 10:19:26 GMT+0530 (India Standard Time) GET /_next/image?url=%2Fassets%2Fresin-coasters.png&w=1080&q=75
Thu Jul 02 2026 10:19:27 GMT+0530 (India Standard Time) GET /_next/static/chunks/turbopack-_01_ro95._.js
Thu Jul 02 2026 10:19:27 GMT+0530 (India Standard Time) GET /_next/image?url=%2Fassets%2Fresin-coasters-blue.png&w=1080&q=75
Thu Jul 02 2026 10:19:27 GMT+0530 (India Standard Time) GET /_next/image?url=%2Fassets%2Fresin-hero.png&w=1080&q=75
Thu Jul 02 2026 10:19:28 GMT+0530 (India Standard Time) GET /_next/static/chunks/%5Bturbopack%5D_browser_dev_hmr-client_hmr-client_ts_1xch-cm._.js
Thu Jul 02 2026 10:19:29 GMT+0530 (India Standard Time) GET /_next/static/chunks/src_app_layout_tsx_007e4b2._.js
Thu Jul 02 2026 10:19:30 GMT+0530 (India Standard Time) GET /_next/image?url=%2Fassets%2Fresin-nameplate.png&w=1920&q=75
Thu Jul 02 2026 10:19:33 GMT+0530 (India Standard Time) GET /_next/image?url=%2Fassets%2Fresin-tray.png&w=1080&q=75
Thu Jul 02 2026 10:19:35 GMT+0530 (India Standard Time) GET /_next/static/chunks/%5Bturbopack%5D_browser_dev_hmr-client_hmr-client_ts_1mojsay._.js
Thu Jul 02 2026 10:19:36 GMT+0530 (India Standard Time) GET /_next/webpack-hmr?id=Z4ZfTbfcoulW5Hmrl2oSp
Thu Jul 02 2026 10:19:36 GMT+0530 (India Standard Time) GET /_next/image?url=%2Fassets%2Fresin-coasters.png&w=1920&q=75
Thu Jul 02 2026 10:19:39 GMT+0530 (India Standard Time) GET /_next/webpack-hmr?id=Z4ZfTbfcoulW5Hmrl2oSp
Thu Jul 02 2026 10:19:41 GMT+0530 (India Standard Time) GET /products?q=anniversary
Thu Jul 02 2026 10:19:41 GMT+0530 (India Standard Time) GET /_next/webpack-hmr?id=Z4ZfTbfcoulW5Hmrl2oSp
Thu Jul 02 2026 10:19:42 GMT+0530 (India Standard Time) GET /_next/static/chunks/node_modules_next_dist_compiled_react-dom_096_9a-._.js
Thu Jul 02 2026 10:19:42 GMT+0530 (India Standard Time) GET /_next/static/chunks/%5Broot-of-the-server%5D__14u2455._.css
Thu Jul 02 2026 10:19:43 GMT+0530 (India Standard Time) GET /_next/static/chunks/%5Bturbopack%5D_browser_dev_hmr-client_hmr-client_ts_1xx01vv._.js
Thu Jul 02 2026 10:19:43 GMT+0530 (India Standard Time) GET /_next/static/chunks/node_modules_next_dist_compiled_1amofcm._.js
Thu Jul 02 2026 10:19:43 GMT+0530 (India Standard Time) GET /_next/static/media/6ab0db14f70d8ed6-s.13hnt-xgp82zk.woff2
Thu Jul 02 2026 10:19:44 GMT+0530 (India Standard Time) GET /_next/image?url=%2Fassets%2Fresin-tray.png&w=1920&q=75
Thu Jul 02 2026 10:19:44 GMT+0530 (India Standard Time) GET /_next/image?url=%2Fassets%2Fresin-hero.png&w=1920&q=75
Thu Jul 02 2026 10:19:45 GMT+0530 (India Standard Time) GET /_next/image?url=%2Fassets%2Fbrand%2Fpour-n-art-resin-art-logo.jpg&w=256&q=75
Thu Jul 02 2026 10:19:45 GMT+0530 (India Standard Time) GET /_next/image?url=%2Fassets%2Fresin-coasters-blue.png&w=128&q=75
Thu Jul 02 2026 10:19:45 GMT+0530 (India Standard Time) GET /_next/image?url=%2Fassets%2Fresin-nameplate.png&w=128&q=75
Thu Jul 02 2026 10:19:46 GMT+0530 (India Standard Time) GET /_next/static/chunks/node_modules_next_dist_client_0r5nbpw._.js
Thu Jul 02 2026 10:19:46 GMT+0530 (India Standard Time) GET /_next/static/chunks/node_modules_next_dist_1ybzpk2._.js
Thu Jul 02 2026 10:19:47 GMT+0530 (India Standard Time) GET /_next/static/chunks/_1anvha4._.js
Thu Jul 02 2026 10:19:47 GMT+0530 (India Standard Time) GET /_next/static/chunks/turbopack-_01_ro95._.js
Thu Jul 02 2026 10:19:48 GMT+0530 (India Standard Time) GET /_next/static/chunks/node_modules_next_dist_compiled_next-devtools_index_090k2jm.js
Thu Jul 02 2026 10:19:49 GMT+0530 (India Standard Time) GET /_next/static/chunks/node_modules_0b36aie._.js
Thu Jul 02 2026 10:19:49 GMT+0530 (India Standard Time) GET /_next/static/chunks/src_app_layout_tsx_007e4b2._.js
Thu Jul 02 2026 10:19:49 GMT+0530 (India Standard Time) GET /_next/static/chunks/node_modules_next_dist_client_components_builtin_global-error_1ltcx3c.js
Thu Jul 02 2026 10:19:49 GMT+0530 (India Standard Time) GET /_next/static/chunks/node_modules_next_dist_compiled_react-server-dom-turbopack_164kp-6._.js
Thu Jul 02 2026 10:19:50 GMT+0530 (India Standard Time) GET /_next/image?url=%2Fassets%2Fresin-coasters.png&w=128&q=75
Thu Jul 02 2026 10:19:50 GMT+0530 (India Standard Time) GET /_next/image?url=%2Fassets%2Fresin-hero.png&w=128&q=75
Thu Jul 02 2026 10:19:50 GMT+0530 (India Standard Time) GET /_next/webpack-hmr?id=Z4ZfTbfcoulW5Hmrl2oSp
Thu Jul 02 2026 10:19:51 GMT+0530 (India Standard Time) GET /_next/image?url=%2Fassets%2Fresin-tray.png&w=128&q=75
Thu Jul 02 2026 10:19:52 GMT+0530 (India Standard Time) GET /_next/static/chunks/node_modules_%40swc_helpers_cjs_1r9vbqw._.js
Thu Jul 02 2026 10:19:53 GMT+0530 (India Standard Time) GET /_next/static/chunks/%5Bturbopack%5D_browser_dev_hmr-client_hmr-client_ts_1mojsay._.js
Thu Jul 02 2026 10:19:53 GMT+0530 (India Standard Time) GET /_next/static/chunks/src_components_1r2kk-h._.js
Thu Jul 02 2026 10:19:54 GMT+0530 (India Standard Time) GET /products/memory-resin-frame
Thu Jul 02 2026 10:19:55 GMT+0530 (India Standard Time) GET /_next/webpack-hmr?id=Z4ZfTbfcoulW5Hmrl2oSp
Thu Jul 02 2026 10:19:56 GMT+0530 (India Standard Time) GET /_next/static/chunks/%5Bturbopack%5D_browser_dev_hmr-client_hmr-client_ts_1xch-cm._.js
Thu Jul 02 2026 10:19:56 GMT+0530 (India Standard Time) GET /_next/image?url=%2Fassets%2Fresin-hero.png&w=2048&q=75
Thu Jul 02 2026 10:19:57 GMT+0530 (India Standard Time) GET /_next/webpack-hmr?id=zRe3Vkf6hm8yixQ00GLez
Thu Jul 02 2026 10:19:58 GMT+0530 (India Standard Time) GET /_next/static/chunks/%5Broot-of-the-server%5D__14u2455._.css
Thu Jul 02 2026 10:19:59 GMT+0530 (India Standard Time) GET /_next/static/chunks/node_modules_next_dist_compiled_react-dom_096_9a-._.js
Thu Jul 02 2026 10:19:59 GMT+0530 (India Standard Time) GET /_next/image?url=%2Fassets%2Fresin-tray.png&w=1920&q=75
Thu Jul 02 2026 10:20:00 GMT+0530 (India Standard Time) GET /_next/static/chunks/node_modules_next_dist_client_0r5nbpw._.js
Thu Jul 02 2026 10:20:00 GMT+0530 (India Standard Time) GET /_next/image?url=%2Fassets%2Fbrand%2Fpour-n-art-resin-art-logo.jpg&w=256&q=75
Thu Jul 02 2026 10:20:01 GMT+0530 (India Standard Time) GET /_next/static/chunks/node_modules_next_dist_1ybzpk2._.js
Thu Jul 02 2026 10:20:01 GMT+0530 (India Standard Time) GET /_next/static/chunks/node_modules_%40swc_helpers_cjs_1r9vbqw._.js
Thu Jul 02 2026 10:20:01 GMT+0530 (India Standard Time) GET /_next/static/chunks/%5Bturbopack%5D_browser_dev_hmr-client_hmr-client_ts_1xx01vv._.js
Thu Jul 02 2026 10:20:01 GMT+0530 (India Standard Time) GET /_next/static/chunks/_1anvha4._.js
Thu Jul 02 2026 10:20:02 GMT+0530 (India Standard Time) GET /_next/static/chunks/node_modules_0b36aie._.js
Thu Jul 02 2026 10:20:02 GMT+0530 (India Standard Time) GET /_next/webpack-hmr?id=Z4ZfTbfcoulW5Hmrl2oSp
Thu Jul 02 2026 10:20:02 GMT+0530 (India Standard Time) GET /_next/static/chunks/src_app_layout_tsx_007e4b2._.js
Thu Jul 02 2026 10:20:03 GMT+0530 (India Standard Time) GET /_next/static/chunks/node_modules_next_dist_compiled_react-server-dom-turbopack_164kp-6._.js
Thu Jul 02 2026 10:20:03 GMT+0530 (India Standard Time) GET /_next/static/chunks/node_modules_next_dist_client_components_builtin_global-error_1ltcx3c.js
Thu Jul 02 2026 10:20:04 GMT+0530 (India Standard Time) GET /_next/static/chunks/_163f-tb._.js
Thu Jul 02 2026 10:20:04 GMT+0530 (India Standard Time) GET /_next/static/chunks/node_modules_next_dist_compiled_next-devtools_index_090k2jm.js
Thu Jul 02 2026 10:20:06 GMT+0530 (India Standard Time) GET /_next/static/chunks/node_modules_next_dist_compiled_1amofcm._.js
Thu Jul 02 2026 10:20:07 GMT+0530 (India Standard Time) GET /_next/static/chunks/turbopack-_01_ro95._.js
Thu Jul 02 2026 10:20:07 GMT+0530 (India Standard Time) GET /_next/static/chunks/src_components_1r2kk-h._.js
Thu Jul 02 2026 10:20:08 GMT+0530 (India Standard Time) GET /_next/static/chunks/src_app_products_%5Bslug%5D_page_tsx_1ltcx3c._.js
Thu Jul 02 2026 10:20:10 GMT+0530 (India Standard Time) GET /_next/webpack-hmr?id=zRe3Vkf6hm8yixQ00GLez
Thu Jul 02 2026 10:20:11 GMT+0530 (India Standard Time) GET /_next/webpack-hmr?id=Z4ZfTbfcoulW5Hmrl2oSp
Thu Jul 02 2026 10:20:13 GMT+0530 (India Standard Time) GET /_next/webpack-hmr?id=zRe3Vkf6hm8yixQ00GLez
Thu Jul 02 2026 10:20:16 GMT+0530 (India Standard Time) GET /_next/webpack-hmr?id=zRe3Vkf6hm8yixQ00GLez
Thu Jul 02 2026 10:20:17 GMT+0530 (India Standard Time) GET /_next/webpack-hmr?id=Z4ZfTbfcoulW5Hmrl2oSp
Thu Jul 02 2026 10:20:24 GMT+0530 (India Standard Time) GET /_next/webpack-hmr?id=Z4ZfTbfcoulW5Hmrl2oSp
Thu Jul 02 2026 10:20:30 GMT+0530 (India Standard Time) GET /_next/webpack-hmr?id=Z4ZfTbfcoulW5Hmrl2oSp
Thu Jul 02 2026 10:20:37 GMT+0530 (India Standard Time) GET /_next/webpack-hmr?id=Z4ZfTbfcoulW5Hmrl2oSp
Thu Jul 02 2026 10:20:45 GMT+0530 (India Standard Time) GET /_next/webpack-hmr?id=Z4ZfTbfcoulW5Hmrl2oSp
Thu Jul 02 2026 10:20:52 GMT+0530 (India Standard Time) GET /_next/webpack-hmr?id=Z4ZfTbfcoulW5Hmrl2oSp
Thu Jul 02 2026 10:20:52 GMT+0530 (India Standard Time) GET /
Thu Jul 02 2026 10:20:53 GMT+0530 (India Standard Time) GET /_next/static/chunks/%5Broot-of-the-server%5D__14u2455._.css
Thu Jul 02 2026 10:20:54 GMT+0530 (India Standard Time) GET /_next/image?url=%2Fassets%2Fbrand%2Fpour-n-art-resin-art-logo.jpg&w=256&q=75
Thu Jul 02 2026 10:20:54 GMT+0530 (India Standard Time) GET /_next/image?url=%2Fassets%2Fresin-tray.png&w=750&q=75
Thu Jul 02 2026 10:20:55 GMT+0530 (India Standard Time) GET /assets/resin-hero.png
Thu Jul 02 2026 10:20:55 GMT+0530 (India Standard Time) GET /_next/image?url=%2Fassets%2Foccasions%2Fbirthday-gifts.png&w=1080&q=75
Thu Jul 02 2026 10:20:56 GMT+0530 (India Standard Time) GET /_next/image?url=%2Fassets%2Foccasions%2Fwedding-gifts.png&w=1080&q=75
Thu Jul 02 2026 10:20:57 GMT+0530 (India Standard Time) GET /_next/image?url=%2Fassets%2Fresin-coasters-blue.png&w=640&q=75
Thu Jul 02 2026 10:20:57 GMT+0530 (India Standard Time) GET /_next/image?url=%2Fassets%2Fresin-coasters.png&w=256&q=75
Thu Jul 02 2026 10:20:58 GMT+0530 (India Standard Time) GET /_next/image?url=%2Fassets%2Foccasions%2Fpersonal-keepsakes.png&w=256&q=75
Thu Jul 02 2026 10:20:58 GMT+0530 (India Standard Time) GET /_next/static/chunks/%5Bturbopack%5D_browser_dev_hmr-client_hmr-client_ts_1xx01vv._.js
Thu Jul 02 2026 10:20:58 GMT+0530 (India Standard Time) GET /_next/image?url=%2Fassets%2Foccasions%2Fanniversary-gifts.png&w=1080&q=75
Thu Jul 02 2026 10:20:59 GMT+0530 (India Standard Time) GET /_next/static/chunks/node_modules_next_dist_compiled_next-devtools_index_090k2jm.js
Thu Jul 02 2026 10:20:59 GMT+0530 (India Standard Time) GET /_next/image?url=%2Fassets%2Fresin-tray.png&w=1920&q=75
Thu Jul 02 2026 10:20:59 GMT+0530 (India Standard Time) GET /_next/image?url=%2Fassets%2Fresin-coasters-blue.png&w=1920&q=75
Thu Jul 02 2026 10:21:00 GMT+0530 (India Standard Time) GET /_next/image?url=%2Fassets%2Fresin-idol.png&w=640&q=75
Thu Jul 02 2026 10:21:00 GMT+0530 (India Standard Time) GET /_next/image?url=%2Fassets%2Fresin-nameplate.png&w=1080&q=75
Thu Jul 02 2026 10:21:00 GMT+0530 (India Standard Time) GET /_next/image?url=%2Fassets%2Fresin-tray.png&w=1080&q=75
Thu Jul 02 2026 10:21:01 GMT+0530 (India Standard Time) GET /_next/image?url=%2Fassets%2Fresin-tray.png&w=256&q=75
Thu Jul 02 2026 10:21:01 GMT+0530 (India Standard Time) GET /_next/static/chunks/node_modules_next_dist_compiled_react-server-dom-turbopack_164kp-6._.js
Thu Jul 02 2026 10:21:01 GMT+0530 (India Standard Time) GET /_next/static/chunks/node_modules_next_dist_compiled_1amofcm._.js
Thu Jul 02 2026 10:21:02 GMT+0530 (India Standard Time) GET /_next/image?url=%2Fassets%2Fresin-coasters-blue.png&w=256&q=75
Thu Jul 02 2026 10:21:02 GMT+0530 (India Standard Time) GET /_next/static/chunks/node_modules_next_dist_1ybzpk2._.js
Thu Jul 02 2026 10:21:02 GMT+0530 (India Standard Time) GET /contact
Thu Jul 02 2026 10:21:03 GMT+0530 (India Standard Time) GET /_next/image?url=%2Fassets%2Foccasions%2Fbirthday-gifts.png&w=256&q=75
Thu Jul 02 2026 10:21:04 GMT+0530 (India Standard Time) GET /_next/static/chunks/%5Broot-of-the-server%5D__14u2455._.css
Thu Jul 02 2026 10:21:04 GMT+0530 (India Standard Time) GET /_next/image?url=%2Fassets%2Fresin-coasters.png&w=1080&q=75
Thu Jul 02 2026 10:21:04 GMT+0530 (India Standard Time) GET /_next/image?url=%2Fassets%2Fbrand%2Fpour-n-art-resin-art-logo.jpg&w=256&q=75
Thu Jul 02 2026 10:21:04 GMT+0530 (India Standard Time) GET /_next/static/chunks/%5Bturbopack%5D_browser_dev_hmr-client_hmr-client_ts_1xx01vv._.js
Thu Jul 02 2026 10:21:05 GMT+0530 (India Standard Time) GET /_next/static/chunks/node_modules_next_dist_compiled_react-dom_096_9a-._.js
Thu Jul 02 2026 10:21:05 GMT+0530 (India Standard Time) GET /_next/static/chunks/node_modules_next_dist_compiled_react-server-dom-turbopack_164kp-6._.js
Thu Jul 02 2026 10:21:06 GMT+0530 (India Standard Time) GET /_next/static/chunks/turbopack-_01_ro95._.js
Thu Jul 02 2026 10:21:06 GMT+0530 (India Standard Time) GET /_next/static/chunks/node_modules_next_dist_client_0r5nbpw._.js
Thu Jul 02 2026 10:21:06 GMT+0530 (India Standard Time) GET /_next/static/chunks/node_modules_next_dist_compiled_react-dom_096_9a-._.js
Thu Jul 02 2026 10:21:06 GMT+0530 (India Standard Time) GET /_next/static/chunks/node_modules_next_dist_client_0r5nbpw._.js
Thu Jul 02 2026 10:21:07 GMT+0530 (India Standard Time) GET /_next/static/chunks/node_modules_%40swc_helpers_cjs_1r9vbqw._.js
Thu Jul 02 2026 10:21:08 GMT+0530 (India Standard Time) GET /_next/static/chunks/turbopack-_01_ro95._.js
Thu Jul 02 2026 10:21:09 GMT+0530 (India Standard Time) GET /_next/static/chunks/node_modules_%40swc_helpers_cjs_1r9vbqw._.js
Thu Jul 02 2026 10:21:09 GMT+0530 (India Standard Time) GET /_next/static/chunks/src_components_1r2kk-h._.js
Thu Jul 02 2026 10:21:10 GMT+0530 (India Standard Time) GET /_next/static/chunks/src_app_layout_tsx_007e4b2._.js
Thu Jul 02 2026 10:21:11 GMT+0530 (India Standard Time) GET /_next/static/chunks/_1anvha4._.js
Thu Jul 02 2026 10:21:12 GMT+0530 (India Standard Time) GET /_next/static/chunks/_18us3l1._.js
Thu Jul 02 2026 10:21:13 GMT+0530 (India Standard Time) GET /_next/static/chunks/src_app_contact_page_tsx_1ltcx3c._.js
Thu Jul 02 2026 10:21:13 GMT+0530 (India Standard Time) GET /_next/static/chunks/node_modules_next_dist_compiled_next-devtools_index_090k2jm.js
Thu Jul 02 2026 10:21:13 GMT+0530 (India Standard Time) GET /_next/static/chunks/node_modules_next_dist_client_components_builtin_global-error_1ltcx3c.js
Thu Jul 02 2026 10:21:14 GMT+0530 (India Standard Time) GET /_next/static/chunks/node_modules_next_dist_compiled_1amofcm._.js
Thu Jul 02 2026 10:21:14 GMT+0530 (India Standard Time) GET /_next/static/chunks/%5Broot-of-the-server%5D__14u2455._.css
Thu Jul 02 2026 10:21:15 GMT+0530 (India Standard Time) GET /_next/static/chunks/node_modules_next_dist_1ybzpk2._.js
Thu Jul 02 2026 10:21:16 GMT+0530 (India Standard Time) GET /
Thu Jul 02 2026 10:21:16 GMT+0530 (India Standard Time) GET /_next/static/chunks/_1anvha4._.js
Thu Jul 02 2026 10:21:17 GMT+0530 (India Standard Time) GET /_next/static/chunks/%5Broot-of-the-server%5D__14u2455._.css
Thu Jul 02 2026 10:21:18 GMT+0530 (India Standard Time) GET /_next/static/chunks/node_modules_0b36aie._.js
Thu Jul 02 2026 10:21:18 GMT+0530 (India Standard Time) GET /_next/image?url=%2Fassets%2Fresin-coasters-blue.png&w=640&q=75
Thu Jul 02 2026 10:21:18 GMT+0530 (India Standard Time) GET /assets/resin-hero.png
Thu Jul 02 2026 10:21:19 GMT+0530 (India Standard Time) GET /_next/image?url=%2Fassets%2Foccasions%2Fanniversary-gifts.png&w=1080&q=75
Thu Jul 02 2026 10:21:19 GMT+0530 (India Standard Time) GET /_next/image?url=%2Fassets%2Foccasions%2Fwedding-gifts.png&w=1080&q=75
Thu Jul 02 2026 10:21:20 GMT+0530 (India Standard Time) GET /_next/static/chunks/%5Bturbopack%5D_browser_dev_hmr-client_hmr-client_ts_1mojsay._.js
Thu Jul 02 2026 10:21:20 GMT+0530 (India Standard Time) GET /_next/image?url=%2Fassets%2Fresin-coasters.png&w=256&q=75
Thu Jul 02 2026 10:21:21 GMT+0530 (India Standard Time) GET /_next/image?url=%2Fassets%2Foccasions%2Fpersonal-keepsakes.png&w=256&q=75
Thu Jul 02 2026 10:21:21 GMT+0530 (India Standard Time) GET /_next/static/chunks/%5Bturbopack%5D_browser_dev_hmr-client_hmr-client_ts_1xch-cm._.js
Thu Jul 02 2026 10:21:21 GMT+0530 (India Standard Time) GET /_next/image?url=%2Fassets%2Fresin-coasters-blue.png&w=256&q=75
Thu Jul 02 2026 10:21:22 GMT+0530 (India Standard Time) GET /_next/image?url=%2Fassets%2Fbrand%2Fpour-n-art-resin-art-logo.jpg&w=256&q=75
Thu Jul 02 2026 10:21:22 GMT+0530 (India Standard Time) GET /_next/image?url=%2Fassets%2Fresin-coasters.png&w=1080&q=75
Thu Jul 02 2026 10:21:22 GMT+0530 (India Standard Time) GET /_next/image?url=%2Fassets%2Fresin-nameplate.png&w=1080&q=75
Thu Jul 02 2026 10:21:22 GMT+0530 (India Standard Time) GET /_next/image?url=%2Fassets%2Fresin-tray.png&w=1080&q=75
Thu Jul 02 2026 10:21:23 GMT+0530 (India Standard Time) GET /_next/image?url=%2Fassets%2Foccasions%2Fbirthday-gifts.png&w=1080&q=75
Thu Jul 02 2026 10:21:23 GMT+0530 (India Standard Time) GET /_next/static/chunks/node_modules_next_dist_compiled_next-devtools_index_090k2jm.js
Thu Jul 02 2026 10:21:24 GMT+0530 (India Standard Time) GET /_next/image?url=%2Fassets%2Fresin-tray.png&w=750&q=75
Thu Jul 02 2026 10:21:24 GMT+0530 (India Standard Time) GET /_next/static/chunks/node_modules_next_dist_compiled_react-server-dom-turbopack_164kp-6._.js
Thu Jul 02 2026 10:21:25 GMT+0530 (India Standard Time) GET /_next/static/chunks/node_modules_next_dist_compiled_1amofcm._.js
Thu Jul 02 2026 10:21:26 GMT+0530 (India Standard Time) GET /_next/image?url=%2Fassets%2Fresin-idol.png&w=640&q=75
Thu Jul 02 2026 10:21:26 GMT+0530 (India Standard Time) GET /_next/static/chunks/node_modules_next_dist_1ybzpk2._.js
Thu Jul 02 2026 10:21:27 GMT+0530 (India Standard Time) GET /_next/static/chunks/node_modules_%40swc_helpers_cjs_1r9vbqw._.js
Thu Jul 02 2026 10:21:27 GMT+0530 (India Standard Time) GET /_next/static/chunks/_1anvha4._.js
Thu Jul 02 2026 10:21:28 GMT+0530 (India Standard Time) GET /_next/static/chunks/turbopack-_01_ro95._.js
Thu Jul 02 2026 10:21:28 GMT+0530 (India Standard Time) GET /_next/static/chunks/node_modules_0b36aie._.js
Thu Jul 02 2026 10:21:28 GMT+0530 (India Standard Time) GET /_next/static/chunks/src_components_1r2kk-h._.js
Thu Jul 02 2026 10:21:29 GMT+0530 (India Standard Time) GET /_next/static/chunks/src_app_layout_tsx_007e4b2._.js
Thu Jul 02 2026 10:21:29 GMT+0530 (India Standard Time) GET /_next/static/chunks/node_modules_next_dist_client_components_builtin_global-error_1ltcx3c.js
Thu Jul 02 2026 10:21:29 GMT+0530 (India Standard Time) GET /_next/image?url=%2Fassets%2Foccasions%2Fhousewarming-gifts.png&w=1080&q=75
Thu Jul 02 2026 10:21:30 GMT+0530 (India Standard Time) GET /_next/image?url=%2Fassets%2Fresin-tray.png&w=256&q=75
Thu Jul 02 2026 10:21:30 GMT+0530 (India Standard Time) GET /_next/image?url=%2Fassets%2Fresin-tray.png&w=1920&q=75
Thu Jul 02 2026 10:21:30 GMT+0530 (India Standard Time) GET /_next/image?url=%2Fassets%2Fresin-coasters-blue.png&w=1920&q=75
Thu Jul 02 2026 10:21:31 GMT+0530 (India Standard Time) GET /_next/static/chunks/%5Bturbopack%5D_browser_dev_hmr-client_hmr-client_ts_1xx01vv._.js
Thu Jul 02 2026 10:21:31 GMT+0530 (India Standard Time) GET /_next/image?url=%2Fassets%2Fresin-idol.png&w=1920&q=75
Thu Jul 02 2026 10:21:31 GMT+0530 (India Standard Time) GET /_next/image?url=%2Fassets%2Fresin-nameplate.png&w=1920&q=75
Thu Jul 02 2026 10:21:32 GMT+0530 (India Standard Time) GET /_next/image?url=%2Fassets%2Fresin-coasters-blue.png&w=1080&q=75
Thu Jul 02 2026 10:21:32 GMT+0530 (India Standard Time) GET /_next/static/chunks/node_modules_next_dist_compiled_react-dom_096_9a-._.js
Thu Jul 02 2026 10:21:32 GMT+0530 (India Standard Time) GET /_next/image?url=%2Fassets%2Foccasions%2Fbirthday-gifts.png&w=256&q=75
Thu Jul 02 2026 10:21:33 GMT+0530 (India Standard Time) GET /_next/static/chunks/node_modules_next_dist_client_0r5nbpw._.js
Thu Jul 02 2026 10:21:33 GMT+0530 (India Standard Time) GET /
Thu Jul 02 2026 10:21:34 GMT+0530 (India Standard Time) GET /_next/static/chunks/%5Bturbopack%5D_browser_dev_hmr-client_hmr-client_ts_1mojsay._.js
Thu Jul 02 2026 10:21:35 GMT+0530 (India Standard Time) GET /_next/static/chunks/%5Broot-of-the-server%5D__14u2455._.css
Thu Jul 02 2026 10:21:35 GMT+0530 (India Standard Time) GET /_next/image?url=%2Fassets%2Foccasions%2Fbirthday-gifts.png&w=1080&q=75
Thu Jul 02 2026 10:21:35 GMT+0530 (India Standard Time) GET /_next/image?url=%2Fassets%2Foccasions%2Fpersonal-keepsakes.png&w=1080&q=75
Thu Jul 02 2026 10:21:35 GMT+0530 (India Standard Time) GET /_next/image?url=%2Fassets%2Fresin-nameplate.png&w=1080&q=75
Thu Jul 02 2026 10:21:36 GMT+0530 (India Standard Time) GET /assets/resin-hero.png
Thu Jul 02 2026 10:21:37 GMT+0530 (India Standard Time) GET /_next/image?url=%2Fassets%2Fresin-hero.png&w=1920&q=75
Thu Jul 02 2026 10:21:37 GMT+0530 (India Standard Time) GET /_next/image?url=%2Fassets%2Fresin-tray.png&w=256&q=75
Thu Jul 02 2026 10:21:38 GMT+0530 (India Standard Time) GET /_next/image?url=%2Fassets%2Fresin-coasters.png&w=256&q=75
Thu Jul 02 2026 10:21:38 GMT+0530 (India Standard Time) GET /_next/image?url=%2Fassets%2Fresin-hero.png&w=1080&q=75
Thu Jul 02 2026 10:21:39 GMT+0530 (India Standard Time) GET /_next/image?url=%2Fassets%2Foccasions%2Fpersonal-keepsakes.png&w=256&q=75
Thu Jul 02 2026 10:21:39 GMT+0530 (India Standard Time) GET /_next/static/chunks/%5Bturbopack%5D_browser_dev_hmr-client_hmr-client_ts_1xch-cm._.js
Thu Jul 02 2026 10:21:39 GMT+0530 (India Standard Time) GET /_next/image?url=%2Fassets%2Foccasions%2Fbirthday-gifts.png&w=256&q=75
Thu Jul 02 2026 10:21:40 GMT+0530 (India Standard Time) GET /_next/image?url=%2Fassets%2Fresin-coasters-blue.png&w=256&q=75
Thu Jul 02 2026 10:21:41 GMT+0530 (India Standard Time) GET /_next/image?url=%2Fassets%2Foccasions%2Fanniversary-gifts.png&w=1080&q=75
Thu Jul 02 2026 10:21:41 GMT+0530 (India Standard Time) GET /_next/webpack-hmr?id=_pIOfG7lhqRPBgAoRMjMB
Thu Jul 02 2026 10:21:42 GMT+0530 (India Standard Time) GET /_next/image?url=%2Fassets%2Fresin-tray.png&w=1920&q=75
Thu Jul 02 2026 10:21:42 GMT+0530 (India Standard Time) GET /_next/image?url=%2Fassets%2Fbrand%2Fpour-n-art-resin-art-logo.jpg&w=256&q=75
Thu Jul 02 2026 10:21:42 GMT+0530 (India Standard Time) GET /_next/image?url=%2Fassets%2Fresin-coasters-blue.png&w=1920&q=75
Thu Jul 02 2026 10:21:43 GMT+0530 (India Standard Time) GET /_next/static/chunks/node_modules_next_dist_compiled_next-devtools_index_090k2jm.js
Thu Jul 02 2026 10:21:44 GMT+0530 (India Standard Time) GET /_next/image?url=%2Fassets%2Fresin-coasters-blue.png&w=640&q=75
Thu Jul 02 2026 10:21:45 GMT+0530 (India Standard Time) GET /_next/static/chunks/node_modules_next_dist_compiled_react-dom_096_9a-._.js
Thu Jul 02 2026 10:21:46 GMT+0530 (India Standard Time) GET /_next/static/chunks/node_modules_next_dist_compiled_1amofcm._.js
Thu Jul 02 2026 10:21:46 GMT+0530 (India Standard Time) GET /products?q=birthday
Thu Jul 02 2026 10:21:47 GMT+0530 (India Standard Time) GET /_next/static/chunks/node_modules_%40swc_helpers_cjs_1r9vbqw._.js
Thu Jul 02 2026 10:21:48 GMT+0530 (India Standard Time) GET /_next/static/chunks/%5Bturbopack%5D_browser_dev_hmr-client_hmr-client_ts_1xx01vv._.js
Thu Jul 02 2026 10:21:48 GMT+0530 (India Standard Time) GET /_next/static/chunks/turbopack-_01_ro95._.js
Thu Jul 02 2026 10:21:49 GMT+0530 (India Standard Time) GET /_next/static/chunks/node_modules_next_dist_client_0r5nbpw._.js
Thu Jul 02 2026 10:21:49 GMT+0530 (India Standard Time) GET /_next/image?url=%2Fassets%2Foccasions%2Fhousewarming-gifts.png&w=1080&q=75
Thu Jul 02 2026 10:21:50 GMT+0530 (India Standard Time) GET /_next/static/chunks/node_modules_next_dist_compiled_react-server-dom-turbopack_164kp-6._.js
Thu Jul 02 2026 10:21:50 GMT+0530 (India Standard Time) GET /_next/image?url=%2Fassets%2Foccasions%2Fpersonal-keepsakes.png&w=1080&q=75
Thu Jul 02 2026 10:21:52 GMT+0530 (India Standard Time) GET /_next/static/chunks/node_modules_next_dist_1ybzpk2._.js
Thu Jul 02 2026 10:21:53 GMT+0530 (India Standard Time) GET /_next/static/chunks/%5Bturbopack%5D_browser_dev_hmr-client_hmr-client_ts_1xch-cm._.js
Thu Jul 02 2026 10:21:53 GMT+0530 (India Standard Time) GET /_next/static/chunks/_1anvha4._.js
Thu Jul 02 2026 10:21:55 GMT+0530 (India Standard Time) GET /_next/static/chunks/%5Broot-of-the-server%5D__14u2455._.css
Thu Jul 02 2026 10:21:56 GMT+0530 (India Standard Time) GET /_next/image?url=%2Fassets%2Fresin-tray.png&w=128&q=75
Thu Jul 02 2026 10:21:57 GMT+0530 (India Standard Time) GET /_next/image?url=%2Fassets%2Fbrand%2Fpour-n-art-resin-art-logo.jpg&w=256&q=75
Thu Jul 02 2026 10:21:58 GMT+0530 (India Standard Time) GET /_next/image?url=%2Fassets%2Fresin-coasters-blue.png&w=1920&q=75
Thu Jul 02 2026 10:21:58 GMT+0530 (India Standard Time) GET /_next/static/chunks/node_modules_next_dist_compiled_react-dom_096_9a-._.js
Thu Jul 02 2026 10:21:59 GMT+0530 (India Standard Time) GET /_next/image?url=%2Fassets%2Fresin-nameplate.png&w=128&q=75
Thu Jul 02 2026 10:21:59 GMT+0530 (India Standard Time) GET /_next/image?url=%2Fassets%2Fresin-coasters.png&w=128&q=75
Thu Jul 02 2026 10:22:00 GMT+0530 (India Standard Time) GET /products?q=birthday
Thu Jul 02 2026 10:22:00 GMT+0530 (India Standard Time) GET /_next/image?url=%2Fassets%2Fresin-hero.png&w=1920&q=75
Thu Jul 02 2026 10:22:01 GMT+0530 (India Standard Time) GET /_next/static/chunks/%5Broot-of-the-server%5D__14u2455._.css
Thu Jul 02 2026 10:22:01 GMT+0530 (India Standard Time) GET /_next/static/chunks/node_modules_next_dist_compiled_react-dom_096_9a-._.js
Thu Jul 02 2026 10:22:02 GMT+0530 (India Standard Time) GET /_next/image?url=%2Fassets%2Fresin-coasters-blue.png&w=1920&q=75
Thu Jul 02 2026 10:22:02 GMT+0530 (India Standard Time) GET /_next/image?url=%2Fassets%2Fresin-coasters-blue.png&w=128&q=75
Thu Jul 02 2026 10:22:02 GMT+0530 (India Standard Time) GET /products/initial-charm-keychain-pair
Thu Jul 02 2026 10:22:03 GMT+0530 (India Standard Time) GET /_next/static/chunks/node_modules_next_dist_client_0r5nbpw._.js
Thu Jul 02 2026 10:22:03 GMT+0530 (India Standard Time) GET /_next/image?url=%2Fassets%2Fresin-coasters.png&w=1920&q=75
Thu Jul 02 2026 10:22:04 GMT+0530 (India Standard Time) GET /_next/static/chunks/node_modules_%40swc_helpers_cjs_1r9vbqw._.js
Thu Jul 02 2026 10:22:04 GMT+0530 (India Standard Time) GET /_next/image?url=%2Fassets%2Fresin-coasters-blue.png&w=128&q=75
Thu Jul 02 2026 10:22:04 GMT+0530 (India Standard Time) GET /_next/static/chunks/node_modules_next_dist_1ybzpk2._.js
Thu Jul 02 2026 10:22:04 GMT+0530 (India Standard Time) GET /_next/static/chunks/turbopack-_01_ro95._.js
Thu Jul 02 2026 10:22:05 GMT+0530 (India Standard Time) GET /_next/image?url=%2Fassets%2Fresin-hero.png&w=128&q=75
Thu Jul 02 2026 10:22:05 GMT+0530 (India Standard Time) GET /_next/static/chunks/_1anvha4._.js
Thu Jul 02 2026 10:22:06 GMT+0530 (India Standard Time) GET /_next/image?url=%2Fassets%2Fresin-coasters.png&w=1920&q=75
Thu Jul 02 2026 10:22:06 GMT+0530 (India Standard Time) GET /_next/static/chunks/turbopack-_01_ro95._.js
Thu Jul 02 2026 10:22:07 GMT+0530 (India Standard Time) GET /_next/image?url=%2Fassets%2Fbrand%2Fpour-n-art-resin-art-logo.jpg&w=256&q=75
Thu Jul 02 2026 10:22:08 GMT+0530 (India Standard Time) GET /_next/static/chunks/%5Bturbopack%5D_browser_dev_hmr-client_hmr-client_ts_1xx01vv._.js
Thu Jul 02 2026 10:22:08 GMT+0530 (India Standard Time) GET /_next/static/chunks/%5Broot-of-the-server%5D__14u2455._.css
Thu Jul 02 2026 10:22:09 GMT+0530 (India Standard Time) GET /_next/image?url=%2Fassets%2Fresin-coasters.png&w=1920&q=75
Thu Jul 02 2026 10:22:10 GMT+0530 (India Standard Time) GET /_next/static/chunks/node_modules_next_dist_compiled_next-devtools_index_090k2jm.js
Thu Jul 02 2026 10:22:12 GMT+0530 (India Standard Time) GET /_next/image?url=%2Fassets%2Fresin-tray.png&w=128&q=75
Thu Jul 02 2026 10:22:12 GMT+0530 (India Standard Time) GET /products/initial-charm-keychain-pair
Thu Jul 02 2026 10:22:12 GMT+0530 (India Standard Time) GET /_next/static/chunks/node_modules_next_dist_compiled_1amofcm._.js
Thu Jul 02 2026 10:22:13 GMT+0530 (India Standard Time) GET /icon.png?icon.14ph91zn61q6n.png
Thu Jul 02 2026 10:22:14 GMT+0530 (India Standard Time) GET /_next/image?url=%2Fassets%2Fbrand%2Fpour-n-art-resin-art-logo.jpg&w=256&q=75
Thu Jul 02 2026 10:22:14 GMT+0530 (India Standard Time) GET /_next/static/chunks/%5Broot-of-the-server%5D__14u2455._.css
Thu Jul 02 2026 10:22:14 GMT+0530 (India Standard Time) GET /_next/static/chunks/node_modules_next_dist_compiled_next-devtools_index_090k2jm.js
Thu Jul 02 2026 10:22:15 GMT+0530 (India Standard Time) GET /_next/static/chunks/src_components_1r2kk-h._.js
Thu Jul 02 2026 10:22:19 GMT+0530 (India Standard Time) GET /contact
Thu Jul 02 2026 10:22:20 GMT+0530 (India Standard Time) GET /_next/static/chunks/node_modules_next_dist_compiled_1amofcm._.js
Thu Jul 02 2026 10:22:21 GMT+0530 (India Standard Time) GET /_next/static/chunks/node_modules_next_dist_compiled_next-devtools_index_090k2jm.js
Thu Jul 02 2026 10:22:21 GMT+0530 (India Standard Time) GET /_next/image?url=%2Fassets%2Fresin-coasters-blue.png&w=2048&q=75
Thu Jul 02 2026 10:22:22 GMT+0530 (India Standard Time) GET /_next/static/chunks/node_modules_next_dist_1ybzpk2._.js
Thu Jul 02 2026 10:22:24 GMT+0530 (India Standard Time) GET /_next/static/chunks/src_components_1r2kk-h._.js
Thu Jul 02 2026 10:22:28 GMT+0530 (India Standard Time) GET /_next/static/chunks/node_modules_next_dist_compiled_react-server-dom-turbopack_164kp-6._.js
Thu Jul 02 2026 10:22:29 GMT+0530 (India Standard Time) GET /_next/static/chunks/%5Broot-of-the-server%5D__14u2455._.css
Thu Jul 02 2026 10:22:30 GMT+0530 (India Standard Time) GET /_next/image?url=%2Fassets%2Fbrand%2Fpour-n-art-resin-art-logo.jpg&w=256&q=75
Thu Jul 02 2026 10:22:30 GMT+0530 (India Standard Time) GET /_next/static/chunks/node_modules_next_dist_client_0r5nbpw._.js
Thu Jul 02 2026 10:22:31 GMT+0530 (India Standard Time) GET /_next/static/chunks/node_modules_next_dist_1ybzpk2._.js
Thu Jul 02 2026 10:22:31 GMT+0530 (India Standard Time) GET /_next/static/chunks/_1anvha4._.js
Thu Jul 02 2026 10:22:31 GMT+0530 (India Standard Time) GET /_next/static/chunks/node_modules_0b36aie._.js
Thu Jul 02 2026 10:22:32 GMT+0530 (India Standard Time) GET /_next/static/chunks/src_app_layout_tsx_007e4b2._.js
Thu Jul 02 2026 10:22:33 GMT+0530 (India Standard Time) GET /_next/static/chunks/src_app_contact_page_tsx_1ltcx3c._.js
Thu Jul 02 2026 10:22:33 GMT+0530 (India Standard Time) GET /_next/static/chunks/src_app_layout_tsx_007e4b2._.js
Thu Jul 02 2026 10:22:34 GMT+0530 (India Standard Time) GET /_next/static/chunks/node_modules_next_dist_client_components_builtin_global-error_1ltcx3c.js
Thu Jul 02 2026 10:22:35 GMT+0530 (India Standard Time) GET /_next/static/chunks/node_modules_%40swc_helpers_cjs_1r9vbqw._.js
Thu Jul 02 2026 10:22:36 GMT+0530 (India Standard Time) GET /_next/static/chunks/turbopack-_01_ro95._.js
Thu Jul 02 2026 10:22:37 GMT+0530 (India Standard Time) GET /_next/static/chunks/src_components_1r2kk-h._.js
Thu Jul 02 2026 10:22:38 GMT+0530 (India Standard Time) GET /_next/static/chunks/_18us3l1._.js
Thu Jul 02 2026 10:22:39 GMT+0530 (India Standard Time) GET /_next/static/chunks/node_modules_next_dist_client_components_builtin_global-error_1ltcx3c.js
Thu Jul 02 2026 10:24:58 GMT+0530 (India Standard Time) GET /account
Thu Jul 02 2026 10:25:11 GMT+0530 (India Standard Time) GET /account
Thu Jul 02 2026 10:25:11 GMT+0530 (India Standard Time) GET /account
Thu Jul 02 2026 10:25:12 GMT+0530 (India Standard Time) GET /login
Thu Jul 02 2026 10:25:13 GMT+0530 (India Standard Time) GET /_next/static/chunks/%5Broot-of-the-server%5D__14u2455._.css
Thu Jul 02 2026 10:25:13 GMT+0530 (India Standard Time) GET /_next/image?url=%2Fassets%2Fresin-hero.png&w=1080&q=75
Thu Jul 02 2026 10:25:14 GMT+0530 (India Standard Time) GET /_next/image?url=%2Fassets%2Fbrand%2Fpour-n-art-resin-art-logo.jpg&w=256&q=75
Thu Jul 02 2026 10:25:15 GMT+0530 (India Standard Time) GET /_next/static/chunks/node_modules_next_dist_compiled_1amofcm._.js
Thu Jul 02 2026 10:25:16 GMT+0530 (India Standard Time) GET /_next/static/chunks/node_modules_next_dist_client_0r5nbpw._.js
Thu Jul 02 2026 10:25:17 GMT+0530 (India Standard Time) GET /_next/static/chunks/node_modules_next_dist_compiled_react-dom_096_9a-._.js
Thu Jul 02 2026 10:25:17 GMT+0530 (India Standard Time) GET /_next/static/chunks/node_modules_%40swc_helpers_cjs_1r9vbqw._.js
Thu Jul 02 2026 10:25:18 GMT+0530 (India Standard Time) GET /_next/static/chunks/_1anvha4._.js
Thu Jul 02 2026 10:25:18 GMT+0530 (India Standard Time) GET /_next/static/chunks/turbopack-_01_ro95._.js
Thu Jul 02 2026 10:25:19 GMT+0530 (India Standard Time) GET /_next/static/chunks/node_modules_0b36aie._.js
Thu Jul 02 2026 10:25:19 GMT+0530 (India Standard Time) GET /_next/static/chunks/%5Bturbopack%5D_browser_dev_hmr-client_hmr-client_ts_1xx01vv._.js
Thu Jul 02 2026 10:25:19 GMT+0530 (India Standard Time) GET /_next/static/chunks/src_app_layout_tsx_007e4b2._.js
Thu Jul 02 2026 10:25:20 GMT+0530 (India Standard Time) GET /_next/static/chunks/node_modules_next_dist_client_components_builtin_global-error_1ltcx3c.js
Thu Jul 02 2026 10:25:20 GMT+0530 (India Standard Time) GET /_next/static/chunks/node_modules_next_dist_compiled_next-devtools_index_090k2jm.js
Thu Jul 02 2026 10:25:20 GMT+0530 (India Standard Time) GET /_next/static/chunks/src_app_login_page_tsx_1ltcx3c._.js
Thu Jul 02 2026 10:25:21 GMT+0530 (India Standard Time) GET /_next/static/chunks/node_modules_next_dist_compiled_react-server-dom-turbopack_164kp-6._.js
Thu Jul 02 2026 10:25:23 GMT+0530 (India Standard Time) GET /_next/static/chunks/node_modules_next_dist_1ybzpk2._.js
Thu Jul 02 2026 10:25:23 GMT+0530 (India Standard Time) GET /_next/static/chunks/%5Bturbopack%5D_browser_dev_hmr-client_hmr-client_ts_1mojsay._.js
Thu Jul 02 2026 10:25:23 GMT+0530 (India Standard Time) GET /_next/static/chunks/src_components_1r2kk-h._.js
Thu Jul 02 2026 10:25:24 GMT+0530 (India Standard Time) GET /_next/static/chunks/_0lzsb2o._.js
Thu Jul 02 2026 10:25:25 GMT+0530 (India Standard Time) GET /
Thu Jul 02 2026 10:25:26 GMT+0530 (India Standard Time) GET /_next/static/chunks/%5Bturbopack%5D_browser_dev_hmr-client_hmr-client_ts_1xch-cm._.js
Thu Jul 02 2026 10:25:27 GMT+0530 (India Standard Time) GET /_next/static/chunks/%5Broot-of-the-server%5D__14u2455._.css
Thu Jul 02 2026 10:25:27 GMT+0530 (India Standard Time) GET /_next/image?url=%2Fassets%2Fresin-coasters-blue.png&w=640&q=75
Thu Jul 02 2026 10:25:28 GMT+0530 (India Standard Time) GET /_next/webpack-hmr?id=fiBTC0G55jrnDrGreoOpZ
Thu Jul 02 2026 10:25:29 GMT+0530 (India Standard Time) GET /_next/image?url=%2Fassets%2Fresin-hero.png&w=1080&q=75
Thu Jul 02 2026 10:25:29 GMT+0530 (India Standard Time) GET /_next/image?url=%2Fassets%2Fbrand%2Fpour-n-art-resin-art-logo.jpg&w=256&q=75
Thu Jul 02 2026 10:25:30 GMT+0530 (India Standard Time) GET /assets/resin-hero.png
Thu Jul 02 2026 10:25:30 GMT+0530 (India Standard Time) GET /_next/image?url=%2Fassets%2Fresin-tray.png&w=750&q=75
Thu Jul 02 2026 10:25:31 GMT+0530 (India Standard Time) GET /_next/image?url=%2Fassets%2Foccasions%2Fanniversary-gifts.png&w=1080&q=75
Thu Jul 02 2026 10:25:31 GMT+0530 (India Standard Time) GET /_next/image?url=%2Fassets%2Fresin-tray.png&w=1920&q=75
Thu Jul 02 2026 10:25:32 GMT+0530 (India Standard Time) GET /_next/image?url=%2Fassets%2Fresin-coasters.png&w=1920&q=75
Thu Jul 02 2026 10:25:33 GMT+0530 (India Standard Time) GET /_next/image?url=%2Fassets%2Fresin-tray.png&w=256&q=75
Thu Jul 02 2026 10:25:33 GMT+0530 (India Standard Time) GET /_next/image?url=%2Fassets%2Foccasions%2Fbirthday-gifts.png&w=1080&q=75
Thu Jul 02 2026 10:25:34 GMT+0530 (India Standard Time) GET /_next/image?url=%2Fassets%2Foccasions%2Fpersonal-keepsakes.png&w=256&q=75
Thu Jul 02 2026 10:25:34 GMT+0530 (India Standard Time) GET /_next/image?url=%2Fassets%2Foccasions%2Fbirthday-gifts.png&w=256&q=75
Thu Jul 02 2026 10:25:35 GMT+0530 (India Standard Time) GET /_next/image?url=%2Fassets%2Fresin-idol.png&w=640&q=75
Thu Jul 02 2026 10:25:36 GMT+0530 (India Standard Time) GET /cart
Thu Jul 02 2026 10:25:36 GMT+0530 (India Standard Time) GET /_next/image?url=%2Fassets%2Foccasions%2Fwedding-gifts.png&w=1080&q=75
Thu Jul 02 2026 10:25:37 GMT+0530 (India Standard Time) GET /_next/static/chunks/%5Broot-of-the-server%5D__14u2455._.css
Thu Jul 02 2026 10:25:37 GMT+0530 (India Standard Time) GET /_next/image?url=%2Fassets%2Fresin-nameplate.png&w=1080&q=75
Thu Jul 02 2026 10:25:37 GMT+0530 (India Standard Time) GET /_next/image?url=%2Fassets%2Fbrand%2Fpour-n-art-resin-art-logo.jpg&w=256&q=75
Thu Jul 02 2026 10:25:38 GMT+0530 (India Standard Time) GET /_next/static/chunks/node_modules_next_dist_compiled_next-devtools_index_090k2jm.js
Thu Jul 02 2026 10:25:38 GMT+0530 (India Standard Time) GET /_next/image?url=%2Fassets%2Fresin-coasters-blue.png&w=1920&q=75
Thu Jul 02 2026 10:25:38 GMT+0530 (India Standard Time) GET /_next/static/chunks/node_modules_next_dist_compiled_react-server-dom-turbopack_164kp-6._.js
Thu Jul 02 2026 10:25:39 GMT+0530 (India Standard Time) GET /_next/static/chunks/node_modules_next_dist_client_0r5nbpw._.js
Thu Jul 02 2026 10:25:39 GMT+0530 (India Standard Time) GET /_next/image?url=%2Fassets%2Fresin-coasters.png&w=256&q=75
Thu Jul 02 2026 10:25:40 GMT+0530 (India Standard Time) GET /_next/static/chunks/node_modules_next_dist_compiled_next-devtools_index_090k2jm.js
Thu Jul 02 2026 10:25:40 GMT+0530 (India Standard Time) GET /_next/static/chunks/node_modules_next_dist_1ybzpk2._.js
Thu Jul 02 2026 10:25:40 GMT+0530 (India Standard Time) GET /_next/image?url=%2Fassets%2Fresin-coasters-blue.png&w=256&q=75
Thu Jul 02 2026 10:25:40 GMT+0530 (India Standard Time) GET /_next/static/chunks/node_modules_%40swc_helpers_cjs_1r9vbqw._.js
Thu Jul 02 2026 10:25:41 GMT+0530 (India Standard Time) GET /_next/static/chunks/_1anvha4._.js
Thu Jul 02 2026 10:25:41 GMT+0530 (India Standard Time) GET /_next/static/chunks/%5Bturbopack%5D_browser_dev_hmr-client_hmr-client_ts_1xx01vv._.js
Thu Jul 02 2026 10:25:42 GMT+0530 (India Standard Time) GET /_next/static/chunks/turbopack-_01_ro95._.js
Thu Jul 02 2026 10:25:42 GMT+0530 (India Standard Time) GET /_next/static/chunks/node_modules_next_dist_1ybzpk2._.js
Thu Jul 02 2026 10:25:42 GMT+0530 (India Standard Time) GET /_next/static/chunks/node_modules_0b36aie._.js
Thu Jul 02 2026 10:25:43 GMT+0530 (India Standard Time) GET /
Thu Jul 02 2026 10:25:43 GMT+0530 (India Standard Time) GET /_next/static/chunks/node_modules_next_dist_compiled_react-dom_096_9a-._.js
Thu Jul 02 2026 10:25:44 GMT+0530 (India Standard Time) GET /_next/static/chunks/%5Bturbopack%5D_browser_dev_hmr-client_hmr-client_ts_1xx01vv._.js
Thu Jul 02 2026 10:25:44 GMT+0530 (India Standard Time) GET /_next/static/chunks/%5Broot-of-the-server%5D__14u2455._.css
Thu Jul 02 2026 10:25:45 GMT+0530 (India Standard Time) GET /_next/static/chunks/node_modules_next_dist_compiled_1amofcm._.js
Thu Jul 02 2026 10:25:45 GMT+0530 (India Standard Time) GET /_next/static/chunks/src_app_layout_tsx_007e4b2._.js
Thu Jul 02 2026 10:25:46 GMT+0530 (India Standard Time) GET /_next/image?url=%2Fassets%2Fresin-hero.png&w=1080&q=75
Thu Jul 02 2026 10:25:46 GMT+0530 (India Standard Time) GET /_next/static/chunks/node_modules_next_dist_compiled_react-server-dom-turbopack_164kp-6._.js
Thu Jul 02 2026 10:25:46 GMT+0530 (India Standard Time) GET /assets/resin-hero.png
Thu Jul 02 2026 10:25:47 GMT+0530 (India Standard Time) GET /_next/image?url=%2Fassets%2Foccasions%2Fanniversary-gifts.png&w=1080&q=75
Thu Jul 02 2026 10:25:47 GMT+0530 (India Standard Time) GET /_next/image?url=%2Fassets%2Fresin-tray.png&w=1920&q=75
Thu Jul 02 2026 10:25:47 GMT+0530 (India Standard Time) GET /_next/image?url=%2Fassets%2Fresin-coasters.png&w=1920&q=75
Thu Jul 02 2026 10:25:47 GMT+0530 (India Standard Time) GET /robots.txt
Thu Jul 02 2026 10:25:48 GMT+0530 (India Standard Time) GET /_next/image?url=%2Fassets%2Foccasions%2Fpersonal-keepsakes.png&w=256&q=75
Thu Jul 02 2026 10:25:48 GMT+0530 (India Standard Time) GET /_next/image?url=%2Fassets%2Foccasions%2Fbirthday-gifts.png&w=256&q=75
Thu Jul 02 2026 10:25:49 GMT+0530 (India Standard Time) GET /_next/image?url=%2Fassets%2Foccasions%2Fwedding-gifts.png&w=1080&q=75
Thu Jul 02 2026 10:25:50 GMT+0530 (India Standard Time) GET /_next/image?url=%2Fassets%2Fresin-coasters.png&w=256&q=75
Thu Jul 02 2026 10:25:50 GMT+0530 (India Standard Time) GET /_next/image?url=%2Fassets%2Fresin-coasters-blue.png&w=256&q=75
Thu Jul 02 2026 10:25:51 GMT+0530 (India Standard Time) GET /_next/static/chunks/node_modules_next_dist_client_0r5nbpw._.js
Thu Jul 02 2026 10:25:51 GMT+0530 (India Standard Time) GET /_next/image?url=%2Fassets%2Fresin-coasters-blue.png&w=1920&q=75
Thu Jul 02 2026 10:25:51 GMT+0530 (India Standard Time) GET /_next/image?url=%2Fassets%2Fresin-nameplate.png&w=1080&q=75
Thu Jul 02 2026 10:25:52 GMT+0530 (India Standard Time) GET /_next/static/chunks/node_modules_next_dist_client_components_builtin_global-error_1ltcx3c.js
Thu Jul 02 2026 10:25:52 GMT+0530 (India Standard Time) GET /_next/static/chunks/src_components_1r2kk-h._.js
Thu Jul 02 2026 10:25:52 GMT+0530 (India Standard Time) GET /_next/image?url=%2Fassets%2Foccasions%2Fhousewarming-gifts.png&w=1080&q=75
Thu Jul 02 2026 10:25:52 GMT+0530 (India Standard Time) GET /_next/static/chunks/turbopack-_01_ro95._.js
Thu Jul 02 2026 10:25:53 GMT+0530 (India Standard Time) GET /_next/image?url=%2Fassets%2Foccasions%2Fbirthday-gifts.png&w=1080&q=75
Thu Jul 02 2026 10:25:53 GMT+0530 (India Standard Time) GET /_next/static/chunks/node_modules_0b36aie._.js
Thu Jul 02 2026 10:25:54 GMT+0530 (India Standard Time) GET /_next/static/chunks/node_modules_%40swc_helpers_cjs_1r9vbqw._.js
Thu Jul 02 2026 10:25:54 GMT+0530 (India Standard Time) GET /_next/image?url=%2Fassets%2Fbrand%2Fpour-n-art-resin-art-logo.jpg&w=256&q=75
Thu Jul 02 2026 10:25:55 GMT+0530 (India Standard Time) GET /_next/image?url=%2Fassets%2Fresin-coasters-blue.png&w=640&q=75
Thu Jul 02 2026 10:25:55 GMT+0530 (India Standard Time) GET /_next/image?url=%2Fassets%2Fresin-idol.png&w=640&q=75
Thu Jul 02 2026 10:25:55 GMT+0530 (India Standard Time) GET /robots.txt
Thu Jul 02 2026 10:25:56 GMT+0530 (India Standard Time) GET /_next/static/chunks/node_modules_next_dist_compiled_1amofcm._.js
Thu Jul 02 2026 10:25:57 GMT+0530 (India Standard Time) GET /_next/image?url=%2Fassets%2Fresin-idol.png&w=1920&q=75
Thu Jul 02 2026 10:25:57 GMT+0530 (India Standard Time) GET /_next/image?url=%2Fassets%2Fresin-tray.png&w=256&q=75
Thu Jul 02 2026 10:25:59 GMT+0530 (India Standard Time) GET /?fbclid=IwZXh0bgNhZW0CMTEAc3J0YwZhcHBfaWQMMjU2MjgxMDQwNTU4AAEelJz2coG5_HJ54DWEx96ILRt3mHbCJY2GZfa5-o39FLjDQF4mxVyTDMJAgB0_aem_7lEr6ij9sQJSWtBP5-w-nQ
Thu Jul 02 2026 10:26:00 GMT+0530 (India Standard Time) GET /_next/image?url=%2Fassets%2Fresin-nameplate.png&w=1920&q=75
Thu Jul 02 2026 10:26:02 GMT+0530 (India Standard Time) GET /_next/static/chunks/node_modules_next_dist_compiled_react-dom_096_9a-._.js
Thu Jul 02 2026 10:26:03 GMT+0530 (India Standard Time) GET /_next/image?url=%2Fassets%2Fresin-tray.png&w=750&q=75
Thu Jul 02 2026 10:26:05 GMT+0530 (India Standard Time) GET /_next/static/chunks/src_components_1r2kk-h._.js
Thu Jul 02 2026 10:26:05 GMT+0530 (India Standard Time) GET /_next/static/chunks/node_modules_next_dist_compiled_1amofcm._.js
Thu Jul 02 2026 10:26:06 GMT+0530 (India Standard Time) GET /_next/static/chunks/src_components_1r2kk-h._.js
Thu Jul 02 2026 10:26:07 GMT+0530 (India Standard Time) GET /_next/image?url=%2Fassets%2Fresin-idol.png&w=1920&q=75
Thu Jul 02 2026 10:26:08 GMT+0530 (India Standard Time) GET /_next/image?url=%2Fassets%2Foccasions%2Fpersonal-keepsakes.png&w=1080&q=75
Thu Jul 02 2026 10:26:08 GMT+0530 (India Standard Time) GET /
Thu Jul 02 2026 10:26:10 GMT+0530 (India Standard Time) GET /_next/static/chunks/%5Bturbopack%5D_browser_dev_hmr-client_hmr-client_ts_1xx01vv._.js
Thu Jul 02 2026 10:26:10 GMT+0530 (India Standard Time) GET /_next/image?url=%2Fassets%2Fresin-nameplate.png&w=1920&q=75
Thu Jul 02 2026 10:26:11 GMT+0530 (India Standard Time) GET /_next/static/chunks/node_modules_next_dist_compiled_next-devtools_index_090k2jm.js
Thu Jul 02 2026 10:26:12 GMT+0530 (India Standard Time) GET /_next/static/chunks/node_modules_next_dist_1ybzpk2._.js
Thu Jul 02 2026 10:26:12 GMT+0530 (India Standard Time) GET /_next/static/chunks/turbopack-_01_ro95._.js
Thu Jul 02 2026 10:26:13 GMT+0530 (India Standard Time) GET /_next/static/chunks/node_modules_0b36aie._.js
Thu Jul 02 2026 10:26:14 GMT+0530 (India Standard Time) GET /_next/static/chunks/src_app_layout_tsx_007e4b2._.js
Thu Jul 02 2026 10:26:14 GMT+0530 (India Standard Time) GET /_next/image?url=%2Fassets%2Fresin-hero.png&w=1920&q=75
Thu Jul 02 2026 10:26:15 GMT+0530 (India Standard Time) GET /_next/image?url=%2Fassets%2Foccasions%2Fhousewarming-gifts.png&w=1080&q=75
Thu Jul 02 2026 10:26:16 GMT+0530 (India Standard Time) GET /_next/image?url=%2Fassets%2Fresin-coasters.png&w=1080&q=75
Thu Jul 02 2026 10:26:17 GMT+0530 (India Standard Time) GET /_next/image?url=%2Fassets%2Fresin-tray.png&w=1080&q=75
Thu Jul 02 2026 10:26:19 GMT+0530 (India Standard Time) GET /_next/image?url=%2Fassets%2Fresin-coasters-blue.png&w=1080&q=75
Thu Jul 02 2026 10:26:21 GMT+0530 (India Standard Time) GET /_next/static/chunks/node_modules_%40swc_helpers_cjs_1r9vbqw._.js
Thu Jul 02 2026 10:26:22 GMT+0530 (India Standard Time) GET /_next/static/chunks/node_modules_next_dist_client_components_builtin_global-error_1ltcx3c.js
Thu Jul 02 2026 10:26:24 GMT+0530 (India Standard Time) GET /?fbclid=IwZXh0bgNhZW0CMTEAc3J0YwZhcHBfaWQMMjU2MjgxMDQwNTU4AAEea0zu0Z9kMpLg8vkEOquR1Iu1a_Jjj8GKQD3xvRlWARK45Gm1OyNQgFZdZ58_aem_Rpg8zTc4Xw2LaqAxAge-kA
Thu Jul 02 2026 10:27:00 GMT+0530 (India Standard Time) GET /_next/static/chunks/_196nb9v._.js
Thu Jul 02 2026 10:27:00 GMT+0530 (India Standard Time) GET /_next/static/chunks/%5Broot-of-the-server%5D__14u2455._.css
Thu Jul 02 2026 10:27:01 GMT+0530 (India Standard Time) GET /_next/static/chunks/src_app_cart_page_tsx_1ltcx3c._.js
Thu Jul 02 2026 10:37:59 GMT+0530 (India Standard Time) GET /
Thu Jul 02 2026 10:38:01 GMT+0530 (India Standard Time) GET /
Thu Jul 02 2026 10:38:02 GMT+0530 (India Standard Time) GET /
Thu Jul 02 2026 10:38:04 GMT+0530 (India Standard Time) GET /_next/static/chunks/%5Broot-of-the-server%5D__14u2455._.css
Thu Jul 02 2026 10:38:04 GMT+0530 (India Standard Time) GET /_next/image?url=%2Fassets%2Fresin-tray.png&w=750&q=75
Thu Jul 02 2026 10:38:05 GMT+0530 (India Standard Time) GET /_next/image?url=%2Fassets%2Fresin-coasters-blue.png&w=640&q=75
Thu Jul 02 2026 10:38:05 GMT+0530 (India Standard Time) GET /_next/static/chunks/node_modules_next_dist_compiled_next-devtools_index_090k2jm.js
Thu Jul 02 2026 10:38:06 GMT+0530 (India Standard Time) GET /_next/image?url=%2Fassets%2Fbrand%2Fpour-n-art-resin-art-logo.jpg&w=256&q=75
Thu Jul 02 2026 10:38:06 GMT+0530 (India Standard Time) GET /_next/image?url=%2Fassets%2Fresin-tray.png&w=256&q=75
Thu Jul 02 2026 10:38:07 GMT+0530 (India Standard Time) GET /_next/image?url=%2Fassets%2Foccasions%2Fpersonal-keepsakes.png&w=256&q=75
Thu Jul 02 2026 10:38:07 GMT+0530 (India Standard Time) GET /_next/static/chunks/%5Bturbopack%5D_browser_dev_hmr-client_hmr-client_ts_1xx01vv._.js
Thu Jul 02 2026 10:38:07 GMT+0530 (India Standard Time) GET /_next/image?url=%2Fassets%2Foccasions%2Fwedding-gifts.png&w=1080&q=75
Thu Jul 02 2026 10:38:08 GMT+0530 (India Standard Time) GET /_next/image?url=%2Fassets%2Foccasions%2Fbirthday-gifts.png&w=1080&q=75
Thu Jul 02 2026 10:38:09 GMT+0530 (India Standard Time) GET /_next/image?url=%2Fassets%2Fresin-coasters.png&w=256&q=75
Thu Jul 02 2026 10:38:09 GMT+0530 (India Standard Time) GET /_next/image?url=%2Fassets%2Fresin-idol.png&w=640&q=75
Thu Jul 02 2026 10:38:11 GMT+0530 (India Standard Time) GET /_next/image?url=%2Fassets%2Fresin-coasters-blue.png&w=256&q=75
Thu Jul 02 2026 10:38:11 GMT+0530 (India Standard Time) GET /_next/static/chunks/node_modules_next_dist_compiled_react-dom_096_9a-._.js
Thu Jul 02 2026 10:38:15 GMT+0530 (India Standard Time) GET /assets/resin-hero.png
Thu Jul 02 2026 10:38:15 GMT+0530 (India Standard Time) GET /_next/static/chunks/node_modules_next_dist_compiled_react-server-dom-turbopack_164kp-6._.js
Thu Jul 02 2026 10:38:15 GMT+0530 (India Standard Time) GET /_next/image?url=%2Fassets%2Foccasions%2Fbirthday-gifts.png&w=256&q=75
Thu Jul 02 2026 10:38:16 GMT+0530 (India Standard Time) GET /_next/static/chunks/node_modules_next_dist_client_0r5nbpw._.js
Thu Jul 02 2026 10:38:16 GMT+0530 (India Standard Time) GET /_next/image?url=%2Fassets%2Foccasions%2Fanniversary-gifts.png&w=1080&q=75
Thu Jul 02 2026 10:38:17 GMT+0530 (India Standard Time) GET /_next/static/chunks/turbopack-_01_ro95._.js
Thu Jul 02 2026 10:38:19 GMT+0530 (India Standard Time) GET /_next/static/chunks/node_modules_next_dist_compiled_1amofcm._.js
Thu Jul 02 2026 10:38:20 GMT+0530 (India Standard Time) GET /_next/static/chunks/node_modules_next_dist_1ybzpk2._.js
Thu Jul 02 2026 10:38:22 GMT+0530 (India Standard Time) GET /_next/static/chunks/_1anvha4._.js
Thu Jul 02 2026 10:38:22 GMT+0530 (India Standard Time) GET /_next/static/chunks/node_modules_%40swc_helpers_cjs_1r9vbqw._.js
Thu Jul 02 2026 10:38:31 GMT+0530 (India Standard Time) GET /
Thu Jul 02 2026 10:38:33 GMT+0530 (India Standard Time) GET /_next/static/chunks/%5Broot-of-the-server%5D__14u2455._.css
Thu Jul 02 2026 10:38:33 GMT+0530 (India Standard Time) GET /_next/static/media/797e433ab948586e-s.p.0r6juujl39pe6.woff2
Thu Jul 02 2026 10:38:34 GMT+0530 (India Standard Time) GET /_next/image?url=%2Fassets%2Fbrand%2Fpour-n-art-resin-art-logo.jpg&w=256&q=75
Thu Jul 02 2026 10:38:34 GMT+0530 (India Standard Time) GET /_next/static/media/a343f882a40d2cc9-s.p.1sj6eobyi31rd.woff2
Thu Jul 02 2026 10:38:34 GMT+0530 (India Standard Time) GET /_next/static/media/6ab0db14f70d8ed6-s.13hnt-xgp82zk.woff2
Thu Jul 02 2026 10:38:35 GMT+0530 (India Standard Time) GET /assets/resin-hero.png
Thu Jul 02 2026 10:38:35 GMT+0530 (India Standard Time) GET /_next/image?url=%2Fassets%2Fresin-tray.png&w=1920&q=75
Thu Jul 02 2026 10:38:40 GMT+0530 (India Standard Time) GET /_next/image?url=%2Fassets%2Foccasions%2Fanniversary-gifts.png&w=1080&q=75
Thu Jul 02 2026 10:38:43 GMT+0530 (India Standard Time) GET /_next/static/media/01e4147cff8141ee-s.p.3huc2loe0ie8a.woff2
Thu Jul 02 2026 10:38:43 GMT+0530 (India Standard Time) GET /_next/image?url=%2Fassets%2Fresin-coasters-blue.png&w=640&q=75
Thu Jul 02 2026 10:38:45 GMT+0530 (India Standard Time) GET /_next/image?url=%2Fassets%2Fresin-coasters-blue.png&w=1920&q=75
Thu Jul 02 2026 10:39:13 GMT+0530 (India Standard Time) GET /
Thu Jul 02 2026 10:39:16 GMT+0530 (India Standard Time) GET /_next/static/chunks/%5Broot-of-the-server%5D__14u2455._.css
Thu Jul 02 2026 10:39:16 GMT+0530 (India Standard Time) GET /_next/static/media/01e4147cff8141ee-s.p.3huc2loe0ie8a.woff2
Thu Jul 02 2026 10:39:17 GMT+0530 (India Standard Time) GET /_next/static/chunks/node_modules_next_dist_compiled_next-devtools_index_090k2jm.js
Thu Jul 02 2026 10:39:18 GMT+0530 (India Standard Time) GET /_next/image?url=%2Fassets%2Fresin-coasters-blue.png&w=640&q=75
Thu Jul 02 2026 10:39:19 GMT+0530 (India Standard Time) GET /_next/image?url=%2Fassets%2Foccasions%2Fbirthday-gifts.png&w=256&q=75
Thu Jul 02 2026 10:39:20 GMT+0530 (India Standard Time) GET /_next/image?url=%2Fassets%2Foccasions%2Fbirthday-gifts.png&w=1080&q=75
Thu Jul 02 2026 10:39:21 GMT+0530 (India Standard Time) GET /_next/image?url=%2Fassets%2Foccasions%2Fwedding-gifts.png&w=1080&q=75
Thu Jul 02 2026 10:39:22 GMT+0530 (India Standard Time) GET /_next/image?url=%2Fassets%2Fresin-tray.png&w=256&q=75
Thu Jul 02 2026 10:39:23 GMT+0530 (India Standard Time) GET /_next/image?url=%2Fassets%2Foccasions%2Fpersonal-keepsakes.png&w=256&q=75
Thu Jul 02 2026 10:39:23 GMT+0530 (India Standard Time) GET /_next/image?url=%2Fassets%2Fresin-coasters.png&w=256&q=75
Thu Jul 02 2026 10:39:24 GMT+0530 (India Standard Time) GET /_next/image?url=%2Fassets%2Fresin-tray.png&w=750&q=75
Thu Jul 02 2026 10:39:24 GMT+0530 (India Standard Time) GET /_next/image?url=%2Fassets%2Fresin-idol.png&w=640&q=75
Thu Jul 02 2026 10:39:26 GMT+0530 (India Standard Time) GET /_next/image?url=%2Fassets%2Fresin-tray.png&w=1920&q=75
Thu Jul 02 2026 10:39:26 GMT+0530 (India Standard Time) GET /assets/resin-hero.png
Thu Jul 02 2026 10:39:27 GMT+0530 (India Standard Time) GET /_next/static/chunks/%5Bturbopack%5D_browser_dev_hmr-client_hmr-client_ts_1xx01vv._.js
Thu Jul 02 2026 10:39:27 GMT+0530 (India Standard Time) GET /_next/image?url=%2Fassets%2Fresin-coasters-blue.png&w=256&q=75
Thu Jul 02 2026 10:39:28 GMT+0530 (India Standard Time) GET /_next/static/chunks/node_modules_next_dist_compiled_react-server-dom-turbopack_164kp-6._.js
Thu Jul 02 2026 10:39:28 GMT+0530 (India Standard Time) GET /_next/static/chunks/node_modules_next_dist_compiled_1amofcm._.js
Thu Jul 02 2026 10:39:29 GMT+0530 (India Standard Time) GET /_next/image?url=%2Fassets%2Foccasions%2Fanniversary-gifts.png&w=1080&q=75
Thu Jul 02 2026 10:39:29 GMT+0530 (India Standard Time) GET /_next/static/chunks/node_modules_next_dist_1ybzpk2._.js
Thu Jul 02 2026 10:39:30 GMT+0530 (India Standard Time) GET /_next/static/chunks/node_modules_%40swc_helpers_cjs_1r9vbqw._.js
Thu Jul 02 2026 10:39:31 GMT+0530 (India Standard Time) GET /_next/static/chunks/_1anvha4._.js
Thu Jul 02 2026 10:39:31 GMT+0530 (India Standard Time) GET /_next/static/chunks/node_modules_0b36aie._.js
Thu Jul 02 2026 10:39:31 GMT+0530 (India Standard Time) GET /_next/image?url=%2Fassets%2Fresin-coasters-blue.png&w=1920&q=75
Thu Jul 02 2026 10:39:33 GMT+0530 (India Standard Time) GET /_next/static/chunks/src_components_1r2kk-h._.js
Thu Jul 02 2026 10:39:34 GMT+0530 (India Standard Time) GET /_next/static/chunks/src_app_layout_tsx_007e4b2._.js
Thu Jul 02 2026 10:39:34 GMT+0530 (India Standard Time) GET /_next/image?url=%2Fassets%2Foccasions%2Fhousewarming-gifts.png&w=1080&q=75
Thu Jul 02 2026 10:39:35 GMT+0530 (India Standard Time) GET /_next/static/chunks/node_modules_next_dist_compiled_react-dom_096_9a-._.js
Thu Jul 02 2026 10:39:37 GMT+0530 (India Standard Time) GET /_next/image?url=%2Fassets%2Fresin-hero.png&w=1920&q=75
Thu Jul 02 2026 10:39:38 GMT+0530 (India Standard Time) GET /_next/image?url=%2Fassets%2Foccasions%2Fpersonal-keepsakes.png&w=1080&q=75
Thu Jul 02 2026 10:39:39 GMT+0530 (India Standard Time) GET /_next/image?url=%2Fassets%2Fresin-nameplate.png&w=1920&q=75
Thu Jul 02 2026 10:39:41 GMT+0530 (India Standard Time) GET /_next/image?url=%2Fassets%2Fresin-nameplate.png&w=1080&q=75
Thu Jul 02 2026 10:39:41 GMT+0530 (India Standard Time) GET /_next/static/chunks/node_modules_next_dist_client_components_builtin_global-error_1ltcx3c.js
Thu Jul 02 2026 10:39:41 GMT+0530 (India Standard Time) GET /_next/image?url=%2Fassets%2Fresin-tray.png&w=1080&q=75
Thu Jul 02 2026 10:39:42 GMT+0530 (India Standard Time) GET /_next/image?url=%2Fassets%2Fresin-hero.png&w=1080&q=75
Thu Jul 02 2026 10:39:44 GMT+0530 (India Standard Time) GET /_next/image?url=%2Fassets%2Fresin-idol.png&w=1920&q=75
Thu Jul 02 2026 10:39:46 GMT+0530 (India Standard Time) GET /_next/image?url=%2Fassets%2Fresin-coasters.png&w=1920&q=75
Thu Jul 02 2026 10:39:51 GMT+0530 (India Standard Time) GET /_next/image?url=%2Fassets%2Fresin-coasters.png&w=1080&q=75
Thu Jul 02 2026 10:39:51 GMT+0530 (India Standard Time) GET /icon.png?icon.14ph91zn61q6n.png
Thu Jul 02 2026 10:39:57 GMT+0530 (India Standard Time) GET /favicon.ico?favicon.3gyt6jnf7k_bc.ico
Thu Jul 02 2026 10:46:28 GMT+0530 (India Standard Time) GET /
Thu Jul 02 2026 10:46:28 GMT+0530 (India Standard Time) GET /
Thu Jul 02 2026 10:46:29 GMT+0530 (India Standard Time) GET /
Thu Jul 02 2026 10:46:31 GMT+0530 (India Standard Time) GET /_next/static/chunks/%5Broot-of-the-server%5D__14u2455._.css
Thu Jul 02 2026 10:46:31 GMT+0530 (India Standard Time) GET /_next/image?url=%2Fassets%2Fresin-tray.png&w=750&q=75
Thu Jul 02 2026 10:46:31 GMT+0530 (India Standard Time) GET /_next/static/chunks/%5Bturbopack%5D_browser_dev_hmr-client_hmr-client_ts_1xx01vv._.js
Thu Jul 02 2026 10:46:32 GMT+0530 (India Standard Time) GET /_next/image?url=%2Fassets%2Foccasions%2Fanniversary-gifts.png&w=1080&q=75
Thu Jul 02 2026 10:46:32 GMT+0530 (India Standard Time) GET /_next/image?url=%2Fassets%2Fresin-coasters-blue.png&w=640&q=75
Thu Jul 02 2026 10:46:33 GMT+0530 (India Standard Time) GET /_next/image?url=%2Fassets%2Foccasions%2Fpersonal-keepsakes.png&w=256&q=75
Thu Jul 02 2026 10:46:33 GMT+0530 (India Standard Time) GET /_next/image?url=%2Fassets%2Fresin-idol.png&w=640&q=75
Thu Jul 02 2026 10:46:33 GMT+0530 (India Standard Time) GET /_next/static/chunks/node_modules_next_dist_compiled_1amofcm._.js
Thu Jul 02 2026 10:46:34 GMT+0530 (India Standard Time) GET /_next/static/chunks/_1anvha4._.js
Thu Jul 02 2026 10:46:34 GMT+0530 (India Standard Time) GET /_next/static/chunks/src_components_1r2kk-h._.js
Thu Jul 02 2026 10:46:34 GMT+0530 (India Standard Time) GET /_next/image?url=%2Fassets%2Fresin-coasters.png&w=256&q=75
Thu Jul 02 2026 10:46:35 GMT+0530 (India Standard Time) GET /_next/image?url=%2Fassets%2Fresin-coasters-blue.png&w=1920&q=75
Thu Jul 02 2026 10:46:35 GMT+0530 (India Standard Time) GET /_next/image?url=%2Fassets%2Fresin-idol.png&w=1920&q=75
Thu Jul 02 2026 10:46:36 GMT+0530 (India Standard Time) GET /_next/image?url=%2Fassets%2Fresin-hero.png&w=1080&q=75
Thu Jul 02 2026 10:46:36 GMT+0530 (India Standard Time) GET /_next/static/chunks/node_modules_next_dist_compiled_react-server-dom-turbopack_164kp-6._.js
Thu Jul 02 2026 10:46:37 GMT+0530 (India Standard Time) GET /icon.png?icon.14ph91zn61q6n.png
Thu Jul 02 2026 10:46:37 GMT+0530 (India Standard Time) GET /_next/image?url=%2Fassets%2Foccasions%2Fhousewarming-gifts.png&w=1080&q=75
Thu Jul 02 2026 10:46:38 GMT+0530 (India Standard Time) GET /_next/image?url=%2Fassets%2Fresin-nameplate.png&w=1080&q=75
Thu Jul 02 2026 10:46:42 GMT+0530 (India Standard Time) GET /
Thu Jul 02 2026 10:46:43 GMT+0530 (India Standard Time) GET /_next/static/chunks/%5Broot-of-the-server%5D__14u2455._.css
Thu Jul 02 2026 10:46:43 GMT+0530 (India Standard Time) GET /_next/image?url=%2Fassets%2Fresin-coasters-blue.png&w=640&q=75
Thu Jul 02 2026 10:46:44 GMT+0530 (India Standard Time) GET /_next/image?url=%2Fassets%2Fbrand%2Fpour-n-art-resin-art-logo.jpg&w=256&q=75
Thu Jul 02 2026 10:46:44 GMT+0530 (India Standard Time) GET /_next/static/chunks/%5Bturbopack%5D_browser_dev_hmr-client_hmr-client_ts_1xx01vv._.js
Thu Jul 02 2026 10:46:44 GMT+0530 (India Standard Time) GET /_next/image?url=%2Fassets%2Foccasions%2Fanniversary-gifts.png&w=1080&q=75
Thu Jul 02 2026 10:46:45 GMT+0530 (India Standard Time) GET /_next/static/chunks/node_modules_next_dist_compiled_1amofcm._.js
Thu Jul 02 2026 10:46:45 GMT+0530 (India Standard Time) GET /_next/image?url=%2Fassets%2Fresin-coasters-blue.png&w=256&q=75
Thu Jul 02 2026 10:46:46 GMT+0530 (India Standard Time) GET /_next/static/chunks/node_modules_%40swc_helpers_cjs_1r9vbqw._.js
Thu Jul 02 2026 10:46:46 GMT+0530 (India Standard Time) GET /_next/static/chunks/node_modules_next_dist_compiled_react-server-dom-turbopack_164kp-6._.js
Thu Jul 02 2026 10:46:48 GMT+0530 (India Standard Time) GET /_next/static/chunks/node_modules_next_dist_client_components_builtin_global-error_1ltcx3c.js
Thu Jul 02 2026 10:46:48 GMT+0530 (India Standard Time) GET /_next/image?url=%2Fassets%2Foccasions%2Fpersonal-keepsakes.png&w=256&q=75
Thu Jul 02 2026 10:46:49 GMT+0530 (India Standard Time) GET /_next/image?url=%2Fassets%2Fresin-tray.png&w=1920&q=75
Thu Jul 02 2026 10:46:49 GMT+0530 (India Standard Time) GET /_next/static/chunks/turbopack-_01_ro95._.js
Thu Jul 02 2026 10:46:50 GMT+0530 (India Standard Time) GET /icon.png?icon.14ph91zn61q6n.png
Thu Jul 02 2026 10:46:51 GMT+0530 (India Standard Time) GET /_next/image?url=%2Fassets%2Fresin-coasters-blue.png&w=1920&q=75
Thu Jul 02 2026 10:46:52 GMT+0530 (India Standard Time) GET /_next/image?url=%2Fassets%2Foccasions%2Fpersonal-keepsakes.png&w=1080&q=75
Thu Jul 02 2026 10:46:52 GMT+0530 (India Standard Time) GET /
Thu Jul 02 2026 10:46:53 GMT+0530 (India Standard Time) GET /_next/image?url=%2Fassets%2Fresin-tray.png&w=750&q=75
Thu Jul 02 2026 10:46:54 GMT+0530 (India Standard Time) GET /_next/image?url=%2Fassets%2Fresin-idol.png&w=640&q=75
Thu Jul 02 2026 10:46:54 GMT+0530 (India Standard Time) GET /_next/image?url=%2Fassets%2Foccasions%2Fbirthday-gifts.png&w=256&q=75
Thu Jul 02 2026 10:46:55 GMT+0530 (India Standard Time) GET /_next/static/chunks/node_modules_next_dist_compiled_react-server-dom-turbopack_164kp-6._.js
Thu Jul 02 2026 10:46:56 GMT+0530 (India Standard Time) GET /_next/image?url=%2Fassets%2Fresin-coasters-blue.png&w=640&q=75
Thu Jul 02 2026 10:46:56 GMT+0530 (India Standard Time) GET /_next/static/chunks/node_modules_next_dist_client_0r5nbpw._.js
Thu Jul 02 2026 10:46:57 GMT+0530 (India Standard Time) GET /_next/static/chunks/_1anvha4._.js
Thu Jul 02 2026 10:46:59 GMT+0530 (India Standard Time) GET /favicon.ico
Thu Jul 02 2026 10:46:59 GMT+0530 (India Standard Time) GET /assets/resin-hero.png
Thu Jul 02 2026 10:47:02 GMT+0530 (India Standard Time) GET /_next/static/chunks/node_modules_%40swc_helpers_cjs_1r9vbqw._.js
Thu Jul 02 2026 10:47:39 GMT+0530 (India Standard Time) GET /
Thu Jul 02 2026 10:47:40 GMT+0530 (India Standard Time) GET /_next/static/chunks/%5Broot-of-the-server%5D__14u2455._.css
Thu Jul 02 2026 10:47:40 GMT+0530 (India Standard Time) GET /_next/image?url=%2Fassets%2Fbrand%2Fpour-n-art-resin-art-logo.jpg&w=256&q=75
Thu Jul 02 2026 10:47:40 GMT+0530 (India Standard Time) GET /_next/image?url=%2Fassets%2Fresin-idol.png&w=640&q=75
Thu Jul 02 2026 10:47:40 GMT+0530 (India Standard Time) GET /_next/image?url=%2Fassets%2Foccasions%2Fanniversary-gifts.png&w=1080&q=75
Thu Jul 02 2026 10:47:41 GMT+0530 (India Standard Time) GET /assets/resin-hero.png
Thu Jul 02 2026 10:47:41 GMT+0530 (India Standard Time) GET /_next/image?url=%2Fassets%2Fresin-tray.png&w=750&q=75
Thu Jul 02 2026 10:47:42 GMT+0530 (India Standard Time) GET /_next/image?url=%2Fassets%2Fresin-tray.png&w=256&q=75
Thu Jul 02 2026 10:47:43 GMT+0530 (India Standard Time) GET /_next/image?url=%2Fassets%2Foccasions%2Fpersonal-keepsakes.png&w=256&q=75
Thu Jul 02 2026 10:47:44 GMT+0530 (India Standard Time) GET /_next/image?url=%2Fassets%2Fresin-coasters.png&w=256&q=75
Thu Jul 02 2026 10:47:44 GMT+0530 (India Standard Time) GET /_next/image?url=%2Fassets%2Fresin-coasters-blue.png&w=256&q=75
Thu Jul 02 2026 10:47:45 GMT+0530 (India Standard Time) GET /_next/image?url=%2Fassets%2Foccasions%2Fbirthday-gifts.png&w=256&q=75
Thu Jul 02 2026 10:47:51 GMT+0530 (India Standard Time) GET /_next/static/chunks/node_modules_next_dist_compiled_react-server-dom-turbopack_164kp-6._.js
Thu Jul 02 2026 10:47:52 GMT+0530 (India Standard Time) GET /_next/static/chunks/node_modules_next_dist_compiled_1amofcm._.js
Thu Jul 02 2026 10:47:53 GMT+0530 (India Standard Time) GET /_next/image?url=%2Fassets%2Fresin-hero.png&w=1920&q=75
Thu Jul 02 2026 10:47:55 GMT+0530 (India Standard Time) GET /_next/image?url=%2Fassets%2Fresin-tray.png&w=1920&q=75
Thu Jul 02 2026 10:47:55 GMT+0530 (India Standard Time) GET /_next/image?url=%2Fassets%2Fresin-coasters-blue.png&w=1920&q=75
Thu Jul 02 2026 10:47:56 GMT+0530 (India Standard Time) GET /_next/static/chunks/node_modules_%40swc_helpers_cjs_1r9vbqw._.js
Thu Jul 02 2026 10:47:57 GMT+0530 (India Standard Time) GET /_next/static/chunks/_1anvha4._.js
Thu Jul 02 2026 10:47:58 GMT+0530 (India Standard Time) GET /_next/static/chunks/turbopack-_01_ro95._.js
Thu Jul 02 2026 10:48:01 GMT+0530 (India Standard Time) GET /_next/static/chunks/node_modules_0b36aie._.js
Thu Jul 02 2026 10:48:02 GMT+0530 (India Standard Time) GET /_next/static/chunks/src_components_1r2kk-h._.js
Thu Jul 02 2026 10:48:04 GMT+0530 (India Standard Time) GET /_next/image?url=%2Fassets%2Fresin-idol.png&w=1920&q=75
Thu Jul 02 2026 10:48:05 GMT+0530 (India Standard Time) GET /_next/image?url=%2Fassets%2Fresin-coasters.png&w=1920&q=75
Thu Jul 02 2026 10:48:07 GMT+0530 (India Standard Time) GET /_next/image?url=%2Fassets%2Fresin-nameplate.png&w=1080&q=75
Thu Jul 02 2026 10:48:08 GMT+0530 (India Standard Time) GET /_next/image?url=%2Fassets%2Fresin-coasters.png&w=1080&q=75
Thu Jul 02 2026 10:48:09 GMT+0530 (India Standard Time) GET /_next/image?url=%2Fassets%2Fresin-tray.png&w=1080&q=75
Thu Jul 02 2026 10:48:11 GMT+0530 (India Standard Time) GET /_next/image?url=%2Fassets%2Fresin-coasters-blue.png&w=1080&q=75
Thu Jul 02 2026 10:48:12 GMT+0530 (India Standard Time) GET /_next/image?url=%2Fassets%2Fresin-hero.png&w=1080&q=75
Thu Jul 02 2026 10:48:19 GMT+0530 (India Standard Time) GET /_next/image?url=%2Fassets%2Foccasions%2Fpersonal-keepsakes.png&w=1080&q=75
Thu Jul 02 2026 10:48:36 GMT+0530 (India Standard Time) GET /icon.png?icon.14ph91zn61q6n.png
